#
# There is insufficient memory for the Java Runtime Environment to continue.
# Native memory allocation (mmap) failed to map 79691776 bytes. Error detail: G1 virtual space
# Possible reasons:
#   The system is out of physical RAM or swap space
#   This process is running with CompressedOops enabled, and the Java Heap may be blocking the growth of the native heap
# Possible solutions:
#   Reduce memory load on the system
#   Increase physical memory or swap space
#   Check if swap backing store is full
#   Decrease Java heap size (-Xmx/-Xms)
#   Decrease number of Java threads
#   Decrease Java thread stack sizes (-Xss)
#   Set larger code cache with -XX:ReservedCodeCacheSize=
#   JVM is running with Unscaled Compressed Oops mode in which the Java heap is
#     placed in the first 4GB address space. The Java Heap base address is the
#     maximum limit for the native heap growth. Please use -XX:HeapBaseMinAddress
#     to set the Java Heap base and to place the Java Heap above 4GB virtual address.
# This output file may be truncated or incomplete.
#
#  Out of Memory Error (os_windows.cpp:3825), pid=6296, tid=5852
#
# JRE version: OpenJDK Runtime Environment (17.0.11) (build 17.0.11+0--11852314)
# Java VM: OpenJDK 64-Bit Server VM (17.0.11+0--11852314, mixed mode, tiered, compressed oops, compressed class ptrs, g1 gc, windows-amd64)
# No core dump will be written. Minidumps are not enabled by default on client versions of Windows
#

---------------  S U M M A R Y ------------

Command Line: org.jetbrains.kotlin.cli.jvm.K2JVMCompiler @D:\AdroidProjects\WeatherTestApp\app\build\20240927_10389534561333606821.compiler.options

Host: 11th Gen Intel(R) Core(TM) i5-1135G7 @ 2.40GHz, 8 cores, 7G,  Windows 10 , 64 bit Build 19041 (10.0.19041.1889)
Time: Fri Sep 27 10:22:08 2024  Windows 10 , 64 bit Build 19041 (10.0.19041.1889) elapsed time: 5.930732 seconds (0d 0h 0m 5s)

---------------  T H R E A D  ---------------

Current thread (0x000002c195867500):  VMThread "VM Thread" [stack: 0x000000f8f0f00000,0x000000f8f1000000] [id=5852]

Stack: [0x000000f8f0f00000,0x000000f8f1000000]
Native frames: (J=compiled Java code, j=interpreted, Vv=VM code, C=native code)
V  [jvm.dll+0x687bb9]
V  [jvm.dll+0x84142a]
V  [jvm.dll+0x8430ae]
V  [jvm.dll+0x843713]
V  [jvm.dll+0x24a35f]
V  [jvm.dll+0x684989]
V  [jvm.dll+0x67923a]
V  [jvm.dll+0x30af0b]
V  [jvm.dll+0x3123b6]
V  [jvm.dll+0x361dfe]
V  [jvm.dll+0x36202f]
V  [jvm.dll+0x2e0d38]
V  [jvm.dll+0x2df144]
V  [jvm.dll+0x2de74c]
V  [jvm.dll+0x32305b]
V  [jvm.dll+0x847e0b]
V  [jvm.dll+0x848b42]
V  [jvm.dll+0x84905d]
V  [jvm.dll+0x849434]
V  [jvm.dll+0x849500]
V  [jvm.dll+0x7efa4a]
V  [jvm.dll+0x686a35]
C  [ucrtbase.dll+0x21bb2]
C  [KERNEL32.DLL+0x17034]
C  [ntdll.dll+0x526a1]

VM_Operation (0x000000f8f09fce60): G1CollectForAllocation, mode: safepoint, requested by thread 0x000002c1fbc02940


---------------  P R O C E S S  ---------------

Threads class SMR info:
_java_thread_list=0x000002c19ca1dab0, length=14, elements={
0x000002c1fbc02940, 0x000002c19586adc0, 0x000002c19586b690, 0x000002c195a179a0,
0x000002c195a18270, 0x000002c195a0d5f0, 0x000002c195a0dec0, 0x000002c195a0eac0,
0x000002c195a128d0, 0x000002c195a131e0, 0x000002c195b8e8f0, 0x000002c195b93490,
0x000002c195c7e2f0, 0x000002c19b558340
}

Java Threads: ( => current thread )
  0x000002c1fbc02940 JavaThread "main" [_thread_blocked, id=7240, stack(0x000000f8f0900000,0x000000f8f0a00000)]
  0x000002c19586adc0 JavaThread "Reference Handler" daemon [_thread_blocked, id=4196, stack(0x000000f8f1000000,0x000000f8f1100000)]
  0x000002c19586b690 JavaThread "Finalizer" daemon [_thread_blocked, id=7028, stack(0x000000f8f1100000,0x000000f8f1200000)]
  0x000002c195a179a0 JavaThread "Signal Dispatcher" daemon [_thread_blocked, id=5364, stack(0x000000f8f1200000,0x000000f8f1300000)]
  0x000002c195a18270 JavaThread "Attach Listener" daemon [_thread_blocked, id=2052, stack(0x000000f8f1300000,0x000000f8f1400000)]
  0x000002c195a0d5f0 JavaThread "Service Thread" daemon [_thread_blocked, id=9048, stack(0x000000f8f1400000,0x000000f8f1500000)]
  0x000002c195a0dec0 JavaThread "Monitor Deflation Thread" daemon [_thread_blocked, id=9040, stack(0x000000f8f1500000,0x000000f8f1600000)]
  0x000002c195a0eac0 JavaThread "C2 CompilerThread0" daemon [_thread_blocked, id=6856, stack(0x000000f8f1600000,0x000000f8f1700000)]
  0x000002c195a128d0 JavaThread "C1 CompilerThread0" daemon [_thread_blocked, id=9576, stack(0x000000f8f1700000,0x000000f8f1800000)]
  0x000002c195a131e0 JavaThread "Sweeper thread" daemon [_thread_blocked, id=3748, stack(0x000000f8f1800000,0x000000f8f1900000)]
  0x000002c195b8e8f0 JavaThread "Notification Thread" daemon [_thread_blocked, id=4396, stack(0x000000f8f1900000,0x000000f8f1a00000)]
  0x000002c195b93490 JavaThread "Common-Cleaner" daemon [_thread_blocked, id=3888, stack(0x000000f8f1b00000,0x000000f8f1c00000)]
  0x000002c195c7e2f0 JavaThread "C2 CompilerThread1" daemon [_thread_blocked, id=4644, stack(0x000000f8f1c00000,0x000000f8f1d00000)]
  0x000002c19b558340 JavaThread "C2 CompilerThread2" daemon [_thread_blocked, id=7112, stack(0x000000f8f2500000,0x000000f8f2600000)]

Other Threads:
=>0x000002c195867500 VMThread "VM Thread" [stack: 0x000000f8f0f00000,0x000000f8f1000000] [id=5852]
  0x000002c195b8edd0 WatcherThread [stack: 0x000000f8f1a00000,0x000000f8f1b00000] [id=3804]
  0x000002c1fbc5f290 GCTaskThread "GC Thread#0" [stack: 0x000000f8f0a00000,0x000000f8f0b00000] [id=588]
  0x000002c19a3e1020 GCTaskThread "GC Thread#1" [stack: 0x000000f8f1d00000,0x000000f8f1e00000] [id=9364]
  0x000002c19a3f7930 GCTaskThread "GC Thread#2" [stack: 0x000000f8f1e00000,0x000000f8f1f00000] [id=1868]
  0x000002c19a3f7bf0 GCTaskThread "GC Thread#3" [stack: 0x000000f8f1f00000,0x000000f8f2000000] [id=6284]
  0x000002c19a3f8ae0 GCTaskThread "GC Thread#4" [stack: 0x000000f8f2000000,0x000000f8f2100000] [id=8688]
  0x000002c19a8fb840 GCTaskThread "GC Thread#5" [stack: 0x000000f8f2100000,0x000000f8f2200000] [id=7520]
  0x000002c19ac75c30 GCTaskThread "GC Thread#6" [stack: 0x000000f8f2200000,0x000000f8f2300000] [id=8168]
  0x000002c19aa1bd60 GCTaskThread "GC Thread#7" [stack: 0x000000f8f2300000,0x000000f8f2400000] [id=9480]
  0x000002c1fbc70d00 ConcurrentGCThread "G1 Main Marker" [stack: 0x000000f8f0b00000,0x000000f8f0c00000] [id=1436]
  0x000002c1fbc71dd0 ConcurrentGCThread "G1 Conc#0" [stack: 0x000000f8f0c00000,0x000000f8f0d00000] [id=8936]
  0x000002c19a7f92f0 ConcurrentGCThread "G1 Conc#1" [stack: 0x000000f8f2400000,0x000000f8f2500000] [id=5732]
  0x000002c1956c24b0 ConcurrentGCThread "G1 Refine#0" [stack: 0x000000f8f0d00000,0x000000f8f0e00000] [id=8924]
  0x000002c1fbccb320 ConcurrentGCThread "G1 Service" [stack: 0x000000f8f0e00000,0x000000f8f0f00000] [id=9836]

Threads with active compile tasks:
C2 CompilerThread0     5939 9254       4       org.jetbrains.kotlin.backend.jvm.MemoizedValueClassAbstractReplacements$replaceOverriddenSymbolsImpl$1::invoke (118 bytes)
C1 CompilerThread0     5939 9266       3       org.jetbrains.kotlin.ir.util.DeepCopySymbolRemapper::getReferencedClassifier (122 bytes)
C2 CompilerThread1     5939 9255       4       org.jetbrains.kotlin.backend.jvm.MemoizedValueClassAbstractReplacements$replaceOverriddenSymbolsImpl$1::invoke (9 bytes)
C2 CompilerThread2     5939 9292       4       org.jetbrains.kotlin.backend.jvm.MemoizedValueClassAbstractReplacements::replaceOverriddenSymbols (38 bytes)

VM state: at safepoint (normal execution)

VM Mutex/Monitor currently owned by a thread:  ([mutex/lock_event])
[0x000002c1fbbfdc10] Threads_lock - owner thread: 0x000002c195867500
[0x000002c1fbbfe3f0] Heap_lock - owner thread: 0x000002c1fbc02940

Heap address: 0x0000000084000000, size: 1984 MB, Compressed Oops mode: 32-bit

CDS archive(s) not mapped
Compressed class space mapped at: 0x0000000100000000-0x0000000140000000, reserved size: 1073741824
Narrow klass base: 0x0000000000000000, Narrow klass shift: 3, Narrow klass range: 0x140000000

GC Precious Log:
 CPUs: 8 total, 8 available
 Memory: 7932M
 Large Page Support: Disabled
 NUMA Support: Disabled
 Compressed Oops: Enabled (32-bit)
 Heap Region Size: 1M
 Heap Min Capacity: 8M
 Heap Initial Capacity: 124M
 Heap Max Capacity: 1984M
 Pre-touch: Disabled
 Parallel Workers: 8
 Concurrent Workers: 2
 Concurrent Refinement Workers: 8
 Periodic GC: Disabled

Heap:
 garbage-first heap   total 126976K, used 59392K [0x0000000084000000, 0x0000000100000000)
  region size 1024K, 5 young (5120K), 5 survivors (5120K)
 Metaspace       used 77264K, committed 77568K, reserved 1179648K
  class space    used 9009K, committed 9152K, reserved 1048576K

Heap Regions: E=young(eden), S=young(survivor), O=old, HS=humongous(starts), HC=humongous(continues), CS=collection set, F=free, OA=open archive, CA=closed archive, TAMS=top-at-mark-start (previous, next)
|   0|0x0000000084000000, 0x0000000084100000, 0x0000000084100000|100%|HS|  |TAMS 0x0000000084100000, 0x0000000084100000| Complete 
|   1|0x0000000084100000, 0x0000000084200000, 0x0000000084200000|100%|HC|  |TAMS 0x0000000084200000, 0x0000000084200000| Complete 
|   2|0x0000000084200000, 0x0000000084300000, 0x0000000084300000|100%|HC|  |TAMS 0x0000000084300000, 0x0000000084300000| Complete 
|   3|0x0000000084300000, 0x0000000084400000, 0x0000000084400000|100%|HC|  |TAMS 0x0000000084400000, 0x0000000084400000| Complete 
|   4|0x0000000084400000, 0x0000000084500000, 0x0000000084500000|100%| O|  |TAMS 0x0000000084500000, 0x0000000084500000| Untracked 
|   5|0x0000000084500000, 0x0000000084600000, 0x0000000084600000|100%| O|  |TAMS 0x0000000084600000, 0x0000000084600000| Untracked 
|   6|0x0000000084600000, 0x0000000084700000, 0x0000000084700000|100%| O|  |TAMS 0x0000000084700000, 0x0000000084700000| Untracked 
|   7|0x0000000084700000, 0x0000000084800000, 0x0000000084800000|100%| O|  |TAMS 0x0000000084800000, 0x0000000084800000| Untracked 
|   8|0x0000000084800000, 0x0000000084900000, 0x0000000084900000|100%| O|  |TAMS 0x0000000084900000, 0x0000000084900000| Untracked 
|   9|0x0000000084900000, 0x0000000084a00000, 0x0000000084a00000|100%| O|  |TAMS 0x0000000084a00000, 0x0000000084a00000| Untracked 
|  10|0x0000000084a00000, 0x0000000084b00000, 0x0000000084b00000|100%| O|  |TAMS 0x0000000084b00000, 0x0000000084b00000| Untracked 
|  11|0x0000000084b00000, 0x0000000084c00000, 0x0000000084c00000|100%| O|  |TAMS 0x0000000084c00000, 0x0000000084c00000| Untracked 
|  12|0x0000000084c00000, 0x0000000084d00000, 0x0000000084d00000|100%| O|  |TAMS 0x0000000084d00000, 0x0000000084d00000| Untracked 
|  13|0x0000000084d00000, 0x0000000084e00000, 0x0000000084e00000|100%| O|  |TAMS 0x0000000084e00000, 0x0000000084e00000| Untracked 
|  14|0x0000000084e00000, 0x0000000084f00000, 0x0000000084f00000|100%| O|  |TAMS 0x0000000084f00000, 0x0000000084f00000| Untracked 
|  15|0x0000000084f00000, 0x0000000085000000, 0x0000000085000000|100%| O|  |TAMS 0x0000000085000000, 0x0000000085000000| Untracked 
|  16|0x0000000085000000, 0x0000000085100000, 0x0000000085100000|100%| O|  |TAMS 0x0000000085100000, 0x0000000085100000| Untracked 
|  17|0x0000000085100000, 0x0000000085200000, 0x0000000085200000|100%|HS|  |TAMS 0x0000000085200000, 0x0000000085200000| Complete 
|  18|0x0000000085200000, 0x0000000085300000, 0x0000000085300000|100%|HC|  |TAMS 0x0000000085300000, 0x0000000085300000| Complete 
|  19|0x0000000085300000, 0x0000000085400000, 0x0000000085400000|100%| O|  |TAMS 0x0000000085400000, 0x0000000085400000| Untracked 
|  20|0x0000000085400000, 0x0000000085500000, 0x0000000085500000|100%| O|  |TAMS 0x0000000085400000, 0x0000000085500000| Untracked 
|  21|0x0000000085500000, 0x0000000085600000, 0x0000000085600000|100%| O|  |TAMS 0x0000000085600000, 0x0000000085600000| Untracked 
|  22|0x0000000085600000, 0x0000000085700000, 0x0000000085700000|100%| O|  |TAMS 0x0000000085700000, 0x0000000085700000| Untracked 
|  23|0x0000000085700000, 0x0000000085800000, 0x0000000085800000|100%| O|  |TAMS 0x0000000085700000, 0x0000000085800000| Untracked 
|  24|0x0000000085800000, 0x0000000085900000, 0x0000000085900000|100%| O|  |TAMS 0x0000000085800000, 0x0000000085900000| Untracked 
|  25|0x0000000085900000, 0x0000000085a00000, 0x0000000085a00000|100%| O|  |TAMS 0x0000000085900000, 0x0000000085a00000| Untracked 
|  26|0x0000000085a00000, 0x0000000085b00000, 0x0000000085b00000|100%| O|  |TAMS 0x0000000085b00000, 0x0000000085b00000| Untracked 
|  27|0x0000000085b00000, 0x0000000085c00000, 0x0000000085c00000|100%| O|  |TAMS 0x0000000085c00000, 0x0000000085c00000| Untracked 
|  28|0x0000000085c00000, 0x0000000085d00000, 0x0000000085d00000|100%| O|  |TAMS 0x0000000085d00000, 0x0000000085d00000| Untracked 
|  29|0x0000000085d00000, 0x0000000085e00000, 0x0000000085e00000|100%| O|  |TAMS 0x0000000085e00000, 0x0000000085e00000| Untracked 
|  30|0x0000000085e00000, 0x0000000085f00000, 0x0000000085f00000|100%| O|  |TAMS 0x0000000085f00000, 0x0000000085f00000| Untracked 
|  31|0x0000000085f00000, 0x0000000086000000, 0x0000000086000000|100%| O|  |TAMS 0x0000000086000000, 0x0000000086000000| Untracked 
|  32|0x0000000086000000, 0x0000000086100000, 0x0000000086100000|100%| O|  |TAMS 0x0000000086100000, 0x0000000086100000| Untracked 
|  33|0x0000000086100000, 0x0000000086200000, 0x0000000086200000|100%| O|  |TAMS 0x0000000086200000, 0x0000000086200000| Untracked 
|  34|0x0000000086200000, 0x0000000086300000, 0x0000000086300000|100%| O|  |TAMS 0x0000000086300000, 0x0000000086300000| Untracked 
|  35|0x0000000086300000, 0x0000000086400000, 0x0000000086400000|100%| O|  |TAMS 0x0000000086400000, 0x0000000086400000| Untracked 
|  36|0x0000000086400000, 0x0000000086500000, 0x0000000086500000|100%| O|  |TAMS 0x0000000086500000, 0x0000000086500000| Untracked 
|  37|0x0000000086500000, 0x0000000086600000, 0x0000000086600000|100%| O|  |TAMS 0x0000000086600000, 0x0000000086600000| Untracked 
|  38|0x0000000086600000, 0x0000000086700000, 0x0000000086700000|100%| O|  |TAMS 0x0000000086600000, 0x0000000086700000| Untracked 
|  39|0x0000000086700000, 0x0000000086800000, 0x0000000086800000|100%| O|  |TAMS 0x0000000086700000, 0x0000000086800000| Untracked 
|  40|0x0000000086800000, 0x0000000086900000, 0x0000000086900000|100%| O|  |TAMS 0x0000000086800000, 0x0000000086900000| Untracked 
|  41|0x0000000086900000, 0x0000000086a00000, 0x0000000086a00000|100%| O|  |TAMS 0x0000000086900000, 0x0000000086a00000| Untracked 
|  42|0x0000000086a00000, 0x0000000086b00000, 0x0000000086b00000|100%| O|  |TAMS 0x0000000086a00000, 0x0000000086b00000| Untracked 
|  43|0x0000000086b00000, 0x0000000086c00000, 0x0000000086c00000|100%| O|  |TAMS 0x0000000086b00000, 0x0000000086c00000| Untracked 
|  44|0x0000000086c00000, 0x0000000086d00000, 0x0000000086d00000|100%| O|  |TAMS 0x0000000086c00000, 0x0000000086d00000| Untracked 
|  45|0x0000000086d00000, 0x0000000086e00000, 0x0000000086e00000|100%| O|  |TAMS 0x0000000086d00000, 0x0000000086e00000| Untracked 
|  46|0x0000000086e00000, 0x0000000086f00000, 0x0000000086f00000|100%| O|  |TAMS 0x0000000086e00000, 0x0000000086f00000| Untracked 
|  47|0x0000000086f00000, 0x0000000087000000, 0x0000000087000000|100%| O|  |TAMS 0x0000000086f00000, 0x0000000087000000| Untracked 
|  48|0x0000000087000000, 0x0000000087100000, 0x0000000087100000|100%| O|  |TAMS 0x0000000087000000, 0x0000000087100000| Untracked 
|  49|0x0000000087100000, 0x0000000087200000, 0x0000000087200000|100%| O|  |TAMS 0x0000000087100000, 0x0000000087200000| Untracked 
|  50|0x0000000087200000, 0x0000000087300000, 0x0000000087300000|100%| O|  |TAMS 0x0000000087200000, 0x0000000087300000| Untracked 
|  51|0x0000000087300000, 0x0000000087400000, 0x0000000087400000|100%| O|  |TAMS 0x0000000087300000, 0x0000000087400000| Untracked 
|  52|0x0000000087400000, 0x0000000087500000, 0x0000000087500000|100%| O|  |TAMS 0x0000000087400000, 0x0000000087400000| Untracked 
|  53|0x0000000087500000, 0x0000000087500000, 0x0000000087600000|  0%| F|  |TAMS 0x0000000087500000, 0x0000000087500000| Untracked 
|  54|0x0000000087600000, 0x0000000087600000, 0x0000000087700000|  0%| F|  |TAMS 0x0000000087600000, 0x0000000087600000| Untracked 
|  55|0x0000000087700000, 0x0000000087700000, 0x0000000087800000|  0%| F|  |TAMS 0x0000000087700000, 0x0000000087700000| Untracked 
|  56|0x0000000087800000, 0x0000000087800000, 0x0000000087900000|  0%| F|  |TAMS 0x0000000087800000, 0x0000000087800000| Untracked 
|  57|0x0000000087900000, 0x0000000087900000, 0x0000000087a00000|  0%| F|  |TAMS 0x0000000087900000, 0x0000000087900000| Untracked 
|  58|0x0000000087a00000, 0x0000000087a00000, 0x0000000087b00000|  0%| F|  |TAMS 0x0000000087a00000, 0x0000000087a00000| Untracked 
|  59|0x0000000087b00000, 0x0000000087b00000, 0x0000000087c00000|  0%| F|  |TAMS 0x0000000087b00000, 0x0000000087b00000| Untracked 
|  60|0x0000000087c00000, 0x0000000087c00000, 0x0000000087d00000|  0%| F|  |TAMS 0x0000000087c00000, 0x0000000087c00000| Untracked 
|  61|0x0000000087d00000, 0x0000000087d00000, 0x0000000087e00000|  0%| F|  |TAMS 0x0000000087d00000, 0x0000000087d00000| Untracked 
|  62|0x0000000087e00000, 0x0000000087e00000, 0x0000000087f00000|  0%| F|  |TAMS 0x0000000087e00000, 0x0000000087e00000| Untracked 
|  63|0x0000000087f00000, 0x0000000087f00000, 0x0000000088000000|  0%| F|  |TAMS 0x0000000087f00000, 0x0000000087f00000| Untracked 
|  64|0x0000000088000000, 0x0000000088000000, 0x0000000088100000|  0%| F|  |TAMS 0x0000000088000000, 0x0000000088000000| Untracked 
|  65|0x0000000088100000, 0x0000000088100000, 0x0000000088200000|  0%| F|  |TAMS 0x0000000088100000, 0x0000000088100000| Untracked 
|  66|0x0000000088200000, 0x0000000088200000, 0x0000000088300000|  0%| F|  |TAMS 0x0000000088200000, 0x0000000088200000| Untracked 
|  67|0x0000000088300000, 0x0000000088300000, 0x0000000088400000|  0%| F|  |TAMS 0x0000000088300000, 0x0000000088300000| Untracked 
|  68|0x0000000088400000, 0x0000000088500000, 0x0000000088500000|100%| S|CS|TAMS 0x0000000088400000, 0x0000000088400000| Complete 
|  69|0x0000000088500000, 0x0000000088600000, 0x0000000088600000|100%| S|CS|TAMS 0x0000000088500000, 0x0000000088500000| Complete 
|  70|0x0000000088600000, 0x0000000088700000, 0x0000000088700000|100%| S|CS|TAMS 0x0000000088600000, 0x0000000088600000| Complete 
|  71|0x0000000088700000, 0x0000000088800000, 0x0000000088800000|100%| S|CS|TAMS 0x0000000088700000, 0x0000000088700000| Complete 
|  72|0x0000000088800000, 0x0000000088900000, 0x0000000088900000|100%| S|CS|TAMS 0x0000000088800000, 0x0000000088800000| Complete 
|  73|0x0000000088900000, 0x0000000088900000, 0x0000000088a00000|  0%| F|  |TAMS 0x0000000088900000, 0x0000000088900000| Untracked 
|  74|0x0000000088a00000, 0x0000000088a00000, 0x0000000088b00000|  0%| F|  |TAMS 0x0000000088a00000, 0x0000000088a00000| Untracked 
|  75|0x0000000088b00000, 0x0000000088b00000, 0x0000000088c00000|  0%| F|  |TAMS 0x0000000088b00000, 0x0000000088b00000| Untracked 
|  76|0x0000000088c00000, 0x0000000088c00000, 0x0000000088d00000|  0%| F|  |TAMS 0x0000000088c00000, 0x0000000088c00000| Untracked 
|  77|0x0000000088d00000, 0x0000000088d00000, 0x0000000088e00000|  0%| F|  |TAMS 0x0000000088d00000, 0x0000000088d00000| Untracked 
|  78|0x0000000088e00000, 0x0000000088e00000, 0x0000000088f00000|  0%| F|  |TAMS 0x0000000088e00000, 0x0000000088e00000| Untracked 
|  79|0x0000000088f00000, 0x0000000088f00000, 0x0000000089000000|  0%| F|  |TAMS 0x0000000088f00000, 0x0000000088f00000| Untracked 
|  80|0x0000000089000000, 0x0000000089000000, 0x0000000089100000|  0%| F|  |TAMS 0x0000000089000000, 0x0000000089000000| Untracked 
|  81|0x0000000089100000, 0x0000000089100000, 0x0000000089200000|  0%| F|  |TAMS 0x0000000089100000, 0x0000000089100000| Untracked 
|  82|0x0000000089200000, 0x0000000089200000, 0x0000000089300000|  0%| F|  |TAMS 0x0000000089200000, 0x0000000089200000| Untracked 
|  83|0x0000000089300000, 0x0000000089300000, 0x0000000089400000|  0%| F|  |TAMS 0x0000000089300000, 0x0000000089300000| Untracked 
|  84|0x0000000089400000, 0x0000000089400000, 0x0000000089500000|  0%| F|  |TAMS 0x0000000089400000, 0x0000000089400000| Untracked 
|  85|0x0000000089500000, 0x0000000089500000, 0x0000000089600000|  0%| F|  |TAMS 0x0000000089500000, 0x0000000089500000| Untracked 
|  86|0x0000000089600000, 0x0000000089600000, 0x0000000089700000|  0%| F|  |TAMS 0x0000000089600000, 0x0000000089600000| Untracked 
|  87|0x0000000089700000, 0x0000000089700000, 0x0000000089800000|  0%| F|  |TAMS 0x0000000089700000, 0x0000000089700000| Untracked 
|  88|0x0000000089800000, 0x0000000089800000, 0x0000000089900000|  0%| F|  |TAMS 0x0000000089800000, 0x0000000089800000| Untracked 
|  89|0x0000000089900000, 0x0000000089900000, 0x0000000089a00000|  0%| F|  |TAMS 0x0000000089900000, 0x0000000089900000| Untracked 
|  90|0x0000000089a00000, 0x0000000089a00000, 0x0000000089b00000|  0%| F|  |TAMS 0x0000000089a00000, 0x0000000089a00000| Untracked 
|  91|0x0000000089b00000, 0x0000000089b00000, 0x0000000089c00000|  0%| F|  |TAMS 0x0000000089b00000, 0x0000000089b00000| Untracked 
|  92|0x0000000089c00000, 0x0000000089c00000, 0x0000000089d00000|  0%| F|  |TAMS 0x0000000089c00000, 0x0000000089c00000| Untracked 
|  93|0x0000000089d00000, 0x0000000089d00000, 0x0000000089e00000|  0%| F|  |TAMS 0x0000000089d00000, 0x0000000089d00000| Untracked 
|  94|0x0000000089e00000, 0x0000000089e00000, 0x0000000089f00000|  0%| F|  |TAMS 0x0000000089e00000, 0x0000000089e00000| Untracked 
|  95|0x0000000089f00000, 0x0000000089f00000, 0x000000008a000000|  0%| F|  |TAMS 0x0000000089f00000, 0x0000000089f00000| Untracked 
|  96|0x000000008a000000, 0x000000008a000000, 0x000000008a100000|  0%| F|  |TAMS 0x000000008a000000, 0x000000008a000000| Untracked 
|  97|0x000000008a100000, 0x000000008a100000, 0x000000008a200000|  0%| F|  |TAMS 0x000000008a100000, 0x000000008a100000| Untracked 
|  98|0x000000008a200000, 0x000000008a200000, 0x000000008a300000|  0%| F|  |TAMS 0x000000008a200000, 0x000000008a200000| Untracked 
|  99|0x000000008a300000, 0x000000008a300000, 0x000000008a400000|  0%| F|  |TAMS 0x000000008a300000, 0x000000008a300000| Untracked 
| 100|0x000000008a400000, 0x000000008a400000, 0x000000008a500000|  0%| F|  |TAMS 0x000000008a400000, 0x000000008a400000| Untracked 
| 101|0x000000008a500000, 0x000000008a500000, 0x000000008a600000|  0%| F|  |TAMS 0x000000008a500000, 0x000000008a500000| Untracked 
| 102|0x000000008a600000, 0x000000008a600000, 0x000000008a700000|  0%| F|  |TAMS 0x000000008a600000, 0x000000008a600000| Untracked 
| 103|0x000000008a700000, 0x000000008a700000, 0x000000008a800000|  0%| F|  |TAMS 0x000000008a700000, 0x000000008a700000| Untracked 
| 104|0x000000008a800000, 0x000000008a800000, 0x000000008a900000|  0%| F|  |TAMS 0x000000008a800000, 0x000000008a800000| Untracked 
| 105|0x000000008a900000, 0x000000008a900000, 0x000000008aa00000|  0%| F|  |TAMS 0x000000008a900000, 0x000000008a900000| Untracked 
| 106|0x000000008aa00000, 0x000000008aa00000, 0x000000008ab00000|  0%| F|  |TAMS 0x000000008aa00000, 0x000000008aa00000| Untracked 
| 107|0x000000008ab00000, 0x000000008ab00000, 0x000000008ac00000|  0%| F|  |TAMS 0x000000008ab00000, 0x000000008ab00000| Untracked 
| 108|0x000000008ac00000, 0x000000008ac00000, 0x000000008ad00000|  0%| F|  |TAMS 0x000000008ac00000, 0x000000008ac00000| Untracked 
| 109|0x000000008ad00000, 0x000000008ad00000, 0x000000008ae00000|  0%| F|  |TAMS 0x000000008ad00000, 0x000000008ad00000| Untracked 
| 110|0x000000008ae00000, 0x000000008ae00000, 0x000000008af00000|  0%| F|  |TAMS 0x000000008ae00000, 0x000000008ae00000| Untracked 
| 111|0x000000008af00000, 0x000000008af00000, 0x000000008b000000|  0%| F|  |TAMS 0x000000008af00000, 0x000000008af00000| Untracked 
| 112|0x000000008b000000, 0x000000008b000000, 0x000000008b100000|  0%| F|  |TAMS 0x000000008b000000, 0x000000008b000000| Untracked 
| 113|0x000000008b100000, 0x000000008b100000, 0x000000008b200000|  0%| F|  |TAMS 0x000000008b100000, 0x000000008b100000| Untracked 
| 114|0x000000008b200000, 0x000000008b200000, 0x000000008b300000|  0%| F|  |TAMS 0x000000008b200000, 0x000000008b200000| Untracked 
| 115|0x000000008b300000, 0x000000008b300000, 0x000000008b400000|  0%| F|  |TAMS 0x000000008b300000, 0x000000008b300000| Untracked 
| 116|0x000000008b400000, 0x000000008b400000, 0x000000008b500000|  0%| F|  |TAMS 0x000000008b400000, 0x000000008b400000| Untracked 
| 117|0x000000008b500000, 0x000000008b500000, 0x000000008b600000|  0%| F|  |TAMS 0x000000008b500000, 0x000000008b500000| Untracked 
| 118|0x000000008b600000, 0x000000008b600000, 0x000000008b700000|  0%| F|  |TAMS 0x000000008b600000, 0x000000008b600000| Untracked 
| 119|0x000000008b700000, 0x000000008b700000, 0x000000008b800000|  0%| F|  |TAMS 0x000000008b700000, 0x000000008b700000| Untracked 
| 120|0x000000008b800000, 0x000000008b800000, 0x000000008b900000|  0%| F|  |TAMS 0x000000008b800000, 0x000000008b800000| Untracked 
| 121|0x000000008b900000, 0x000000008b900000, 0x000000008ba00000|  0%| F|  |TAMS 0x000000008b900000, 0x000000008b900000| Untracked 
| 122|0x000000008ba00000, 0x000000008ba00000, 0x000000008bb00000|  0%| F|  |TAMS 0x000000008ba00000, 0x000000008ba00000| Untracked 
| 123|0x000000008bb00000, 0x000000008bb00000, 0x000000008bc00000|  0%| F|  |TAMS 0x000000008bb00000, 0x000000008bb00000| Untracked 

Card table byte_map: [0x000002c1ff810000,0x000002c1ffbf0000] _byte_map_base: 0x000002c1ff3f0000

Marking Bits (Prev, Next): (CMBitMap*) 0x000002c1fbc60c10, (CMBitMap*) 0x000002c1fbc60bd0
 Prev Bits: [0x000002c190f00000, 0x000002c192e00000)
 Next Bits: [0x000002c18f000000, 0x000002c190f00000)

Polling page: 0x000002c1fb3d0000

Metaspace:

Usage:
  Non-class:     66.66 MB used.
      Class:      8.80 MB used.
       Both:     75.45 MB used.

Virtual space:
  Non-class space:      128.00 MB reserved,      66.81 MB ( 52%) committed,  2 nodes.
      Class space:        1.00 GB reserved,       8.94 MB ( <1%) committed,  1 nodes.
             Both:        1.12 GB reserved,      75.75 MB (  7%) committed. 

Chunk freelists:
   Non-Class:  12.27 MB
       Class:  7.08 MB
        Both:  19.34 MB

MaxMetaspaceSize: unlimited
CompressedClassSpaceSize: 1.00 GB
Initial GC threshold: 21.00 MB
Current GC threshold: 90.00 MB
CDS: off
MetaspaceReclaimPolicy: balanced
 - commit_granule_bytes: 65536.
 - commit_granule_words: 8192.
 - virtual_space_node_default_size: 8388608.
 - enlarge_chunks_in_place: 1.
 - new_chunks_are_fully_committed: 0.
 - uncommit_free_chunks: 1.
 - use_allocation_guard: 0.
 - handle_deallocations: 1.


Internal statistics:

num_allocs_failed_limit: 6.
num_arena_births: 286.
num_arena_deaths: 0.
num_vsnodes_births: 3.
num_vsnodes_deaths: 0.
num_space_committed: 1210.
num_space_uncommitted: 0.
num_chunks_returned_to_freelist: 6.
num_chunks_taken_from_freelist: 2658.
num_chunk_merges: 6.
num_chunk_splits: 2260.
num_chunks_enlarged: 2070.
num_inconsistent_stats: 0.

CodeHeap 'non-profiled nmethods': size=120000Kb used=4187Kb max_used=4187Kb free=115812Kb
 bounds [0x000002c187ad0000, 0x000002c187ef0000, 0x000002c18f000000]
CodeHeap 'profiled nmethods': size=120000Kb used=20832Kb max_used=20832Kb free=99167Kb
 bounds [0x000002c180000000, 0x000002c181460000, 0x000002c187530000]
CodeHeap 'non-nmethods': size=5760Kb used=1392Kb max_used=1470Kb free=4367Kb
 bounds [0x000002c187530000, 0x000002c1877a0000, 0x000002c187ad0000]
 total_blobs=8736 nmethods=8025 adapters=621
 compilation: enabled
              stopped_count=0, restarted_count=0
 full_count=0

Compilation events (20 events):
Event: 5.900 Thread 0x000002c195a128d0 9278       3       org.jetbrains.kotlin.backend.jvm.lower.AddContinuationLowering$addContinuationParameterToSuspendCalls$1::visitFunction (36 bytes)
Event: 5.901 Thread 0x000002c19b558340 9289       4       org.jetbrains.kotlin.ir.builders.Scope::<init> (16 bytes)
Event: 5.902 Thread 0x000002c195a128d0 nmethod 9278 0x000002c18144ea90 code [0x000002c18144eee0, 0x000002c181450b98]
Event: 5.902 Thread 0x000002c195a128d0 9288       3       org.jetbrains.kotlin.backend.jvm.lower.JvmOptimizationLowering$Transformer::visitFunction (10 bytes)
Event: 5.902 Thread 0x000002c19b558340 nmethod 9289 0x000002c187ee6990 code [0x000002c187ee6b00, 0x000002c187ee6c58]
Event: 5.903 Thread 0x000002c195a128d0 nmethod 9288 0x000002c181451590 code [0x000002c181451860, 0x000002c181452738]
Event: 5.903 Thread 0x000002c195a128d0 9284       3       org.jetbrains.kotlin.backend.jvm.lower.JvmArgumentNullabilityAssertionsLowering::visitFunction (10 bytes)
Event: 5.904 Thread 0x000002c195a128d0 nmethod 9284 0x000002c181452c90 code [0x000002c181452fc0, 0x000002c181454138]
Event: 5.904 Thread 0x000002c195a128d0 9285       3       org.jetbrains.kotlin.backend.jvm.lower.JvmArgumentNullabilityAssertionsLowering::visitFunction (7 bytes)
Event: 5.904 Thread 0x000002c19b558340 9292       4       org.jetbrains.kotlin.backend.jvm.MemoizedValueClassAbstractReplacements::replaceOverriddenSymbols (38 bytes)
Event: 5.905 Thread 0x000002c195a128d0 nmethod 9285 0x000002c181454790 code [0x000002c181454b00, 0x000002c181455e08]
Event: 5.905 Thread 0x000002c195a128d0 9286       3       org.jetbrains.kotlin.backend.jvm.lower.JvmArgumentNullabilityAssertionsLowering::visitSimpleFunction (10 bytes)
Event: 5.905 Thread 0x000002c195a128d0 nmethod 9286 0x000002c181456510 code [0x000002c181456780, 0x000002c181457178]
Event: 5.905 Thread 0x000002c195a128d0 9287       3       org.jetbrains.kotlin.backend.jvm.lower.JvmArgumentNullabilityAssertionsLowering::visitSimpleFunction (7 bytes)
Event: 5.906 Thread 0x000002c195a128d0 nmethod 9287 0x000002c181457510 code [0x000002c1814577c0, 0x000002c181458348]
Event: 5.906 Thread 0x000002c195a128d0 9274       3       org.jetbrains.kotlin.backend.jvm.lower.TailCallOptimizationLowering$lower$1::visitSimpleFunction (10 bytes)
Event: 5.906 Thread 0x000002c195a128d0 nmethod 9274 0x000002c181458790 code [0x000002c181458940, 0x000002c181458ba8]
Event: 5.906 Thread 0x000002c195a128d0 9275       3       org.jetbrains.kotlin.backend.jvm.lower.TailCallOptimizationLowering$lower$1::visitSimpleFunction (31 bytes)
Event: 5.907 Thread 0x000002c195a128d0 nmethod 9275 0x000002c181458c90 code [0x000002c181459000, 0x000002c18145a448]
Event: 5.907 Thread 0x000002c195a128d0 9266       3       org.jetbrains.kotlin.ir.util.DeepCopySymbolRemapper::getReferencedClassifier (122 bytes)

GC Heap History (20 events):
Event: 2.369 GC heap after
{Heap after GC invocations=11 (full 0):
 garbage-first heap   total 68608K, used 29135K [0x0000000084000000, 0x0000000100000000)
  region size 1024K, 5 young (5120K), 5 survivors (5120K)
 Metaspace       used 47233K, committed 47424K, reserved 1114112K
  class space    used 5760K, committed 5824K, reserved 1048576K
}
Event: 2.628 GC heap before
{Heap before GC invocations=11 (full 0):
 garbage-first heap   total 68608K, used 48591K [0x0000000084000000, 0x0000000100000000)
  region size 1024K, 25 young (25600K), 5 survivors (5120K)
 Metaspace       used 48696K, committed 48896K, reserved 1114112K
  class space    used 5927K, committed 6016K, reserved 1048576K
}
Event: 2.637 GC heap after
{Heap after GC invocations=12 (full 0):
 garbage-first heap   total 82944K, used 32738K [0x0000000084000000, 0x0000000100000000)
  region size 1024K, 3 young (3072K), 3 survivors (3072K)
 Metaspace       used 48696K, committed 48896K, reserved 1114112K
  class space    used 5927K, committed 6016K, reserved 1048576K
}
Event: 3.136 GC heap before
{Heap before GC invocations=12 (full 0):
 garbage-first heap   total 82944K, used 60386K [0x0000000084000000, 0x0000000100000000)
  region size 1024K, 30 young (30720K), 3 survivors (3072K)
 Metaspace       used 52484K, committed 52736K, reserved 1114112K
  class space    used 6289K, committed 6400K, reserved 1048576K
}
Event: 3.148 GC heap after
{Heap after GC invocations=13 (full 0):
 garbage-first heap   total 82944K, used 37536K [0x0000000084000000, 0x0000000100000000)
  region size 1024K, 4 young (4096K), 4 survivors (4096K)
 Metaspace       used 52484K, committed 52736K, reserved 1114112K
  class space    used 6289K, committed 6400K, reserved 1048576K
}
Event: 3.409 GC heap before
{Heap before GC invocations=13 (full 0):
 garbage-first heap   total 82944K, used 61088K [0x0000000084000000, 0x0000000100000000)
  region size 1024K, 27 young (27648K), 4 survivors (4096K)
 Metaspace       used 53005K, committed 53248K, reserved 1114112K
  class space    used 6309K, committed 6400K, reserved 1048576K
}
Event: 3.422 GC heap after
{Heap after GC invocations=14 (full 0):
 garbage-first heap   total 82944K, used 42163K [0x0000000084000000, 0x0000000100000000)
  region size 1024K, 4 young (4096K), 4 survivors (4096K)
 Metaspace       used 53005K, committed 53248K, reserved 1114112K
  class space    used 6309K, committed 6400K, reserved 1048576K
}
Event: 3.595 GC heap before
{Heap before GC invocations=14 (full 0):
 garbage-first heap   total 82944K, used 62643K [0x0000000084000000, 0x0000000100000000)
  region size 1024K, 24 young (24576K), 4 survivors (4096K)
 Metaspace       used 54545K, committed 54784K, reserved 1114112K
  class space    used 6459K, committed 6528K, reserved 1048576K
}
Event: 3.605 GC heap after
{Heap after GC invocations=15 (full 0):
 garbage-first heap   total 82944K, used 44632K [0x0000000084000000, 0x0000000100000000)
  region size 1024K, 2 young (2048K), 2 survivors (2048K)
 Metaspace       used 54545K, committed 54784K, reserved 1114112K
  class space    used 6459K, committed 6528K, reserved 1048576K
}
Event: 3.787 GC heap before
{Heap before GC invocations=16 (full 0):
 garbage-first heap   total 82944K, used 63064K [0x0000000084000000, 0x0000000100000000)
  region size 1024K, 20 young (20480K), 2 survivors (2048K)
 Metaspace       used 56279K, committed 56512K, reserved 1114112K
  class space    used 6685K, committed 6784K, reserved 1048576K
}
Event: 3.792 GC heap after
{Heap after GC invocations=17 (full 0):
 garbage-first heap   total 82944K, used 46769K [0x0000000084000000, 0x0000000100000000)
  region size 1024K, 2 young (2048K), 2 survivors (2048K)
 Metaspace       used 56279K, committed 56512K, reserved 1114112K
  class space    used 6685K, committed 6784K, reserved 1048576K
}
Event: 3.832 GC heap before
{Heap before GC invocations=17 (full 0):
 garbage-first heap   total 82944K, used 48817K [0x0000000084000000, 0x0000000100000000)
  region size 1024K, 4 young (4096K), 2 survivors (2048K)
 Metaspace       used 56583K, committed 56768K, reserved 1114112K
  class space    used 6715K, committed 6784K, reserved 1048576K
}
Event: 3.846 GC heap after
{Heap after GC invocations=18 (full 0):
 garbage-first heap   total 109568K, used 44461K [0x0000000084000000, 0x0000000100000000)
  region size 1024K, 1 young (1024K), 1 survivors (1024K)
 Metaspace       used 56583K, committed 56768K, reserved 1114112K
  class space    used 6715K, committed 6784K, reserved 1048576K
}
Event: 4.548 GC heap before
{Heap before GC invocations=18 (full 0):
 garbage-first heap   total 109568K, used 82349K [0x0000000084000000, 0x0000000100000000)
  region size 1024K, 38 young (38912K), 1 survivors (1024K)
 Metaspace       used 64199K, committed 64448K, reserved 1114112K
  class space    used 7679K, committed 7808K, reserved 1048576K
}
Event: 4.558 GC heap after
{Heap after GC invocations=19 (full 0):
 garbage-first heap   total 109568K, used 48813K [0x0000000084000000, 0x0000000100000000)
  region size 1024K, 5 young (5120K), 5 survivors (5120K)
 Metaspace       used 64199K, committed 64448K, reserved 1114112K
  class space    used 7679K, committed 7808K, reserved 1048576K
}
Event: 5.056 GC heap before
{Heap before GC invocations=19 (full 0):
 garbage-first heap   total 109568K, used 84653K [0x0000000084000000, 0x0000000100000000)
  region size 1024K, 40 young (40960K), 5 survivors (5120K)
 Metaspace       used 69877K, committed 70144K, reserved 1114112K
  class space    used 8258K, committed 8384K, reserved 1048576K
}
Event: 5.066 GC heap after
{Heap after GC invocations=20 (full 0):
 garbage-first heap   total 109568K, used 53241K [0x0000000084000000, 0x0000000100000000)
  region size 1024K, 5 young (5120K), 5 survivors (5120K)
 Metaspace       used 69877K, committed 70144K, reserved 1114112K
  class space    used 8258K, committed 8384K, reserved 1048576K
}
Event: 5.535 GC heap before
{Heap before GC invocations=20 (full 0):
 garbage-first heap   total 109568K, used 84985K [0x0000000084000000, 0x0000000100000000)
  region size 1024K, 36 young (36864K), 5 survivors (5120K)
 Metaspace       used 76461K, committed 76736K, reserved 1179648K
  class space    used 8963K, committed 9088K, reserved 1048576K
}
Event: 5.546 GC heap after
{Heap after GC invocations=21 (full 0):
 garbage-first heap   total 109568K, used 55065K [0x0000000084000000, 0x0000000100000000)
  region size 1024K, 2 young (2048K), 2 survivors (2048K)
 Metaspace       used 76461K, committed 76736K, reserved 1179648K
  class space    used 8963K, committed 9088K, reserved 1048576K
}
Event: 5.907 GC heap before
{Heap before GC invocations=21 (full 0):
 garbage-first heap   total 109568K, used 87833K [0x0000000084000000, 0x0000000100000000)
  region size 1024K, 34 young (34816K), 2 survivors (2048K)
 Metaspace       used 77264K, committed 77568K, reserved 1179648K
  class space    used 9009K, committed 9152K, reserved 1048576K
}

Dll operation events (2 events):
Event: 0.003 Loaded shared library C:\Program Files\Android\Android Studio\jbr\bin\java.dll
Event: 0.894 Loaded shared library C:\Program Files\Android\Android Studio\jbr\bin\verify.dll

Deoptimization events (20 events):
Event: 5.881 Thread 0x000002c1fbc02940 Uncommon trap: trap_request=0xffffffbe fr.pc=0x000002c187eddde8 relative=0x0000000000000248
Event: 5.881 Thread 0x000002c1fbc02940 Uncommon trap: reason=profile_predicate action=maybe_recompile pc=0x000002c187eddde8 method=org.jetbrains.kotlin.ir.util.TransformKt.transformInPlace([Lorg/jetbrains/kotlin/ir/IrElement;Lorg/jetbrains/kotlin/ir/visitors/IrElementTransformer;Ljava/lang/Obj
Event: 5.881 Thread 0x000002c1fbc02940 DEOPT PACKING pc=0x000002c187eddde8 sp=0x000000f8f09fafa0
Event: 5.881 Thread 0x000002c1fbc02940 DEOPT UNPACKING pc=0x000002c18758a1a3 sp=0x000000f8f09faf58 mode 2
Event: 5.886 Thread 0x000002c1fbc02940 Uncommon trap: trap_request=0xffffffd6 fr.pc=0x000002c187edf144 relative=0x0000000000000224
Event: 5.886 Thread 0x000002c1fbc02940 Uncommon trap: reason=array_check action=maybe_recompile pc=0x000002c187edf144 method=org.jetbrains.kotlin.ir.util.TransformKt.transformInPlace([Lorg/jetbrains/kotlin/ir/IrElement;Lorg/jetbrains/kotlin/ir/visitors/IrElementTransformer;Ljava/lang/Object;)V
Event: 5.886 Thread 0x000002c1fbc02940 DEOPT PACKING pc=0x000002c187edf144 sp=0x000000f8f09fc630
Event: 5.886 Thread 0x000002c1fbc02940 DEOPT UNPACKING pc=0x000002c18758a1a3 sp=0x000000f8f09fc5e0 mode 2
Event: 5.887 Thread 0x000002c1fbc02940 Uncommon trap: trap_request=0xffffffd6 fr.pc=0x000002c187edf144 relative=0x0000000000000224
Event: 5.887 Thread 0x000002c1fbc02940 Uncommon trap: reason=array_check action=maybe_recompile pc=0x000002c187edf144 method=org.jetbrains.kotlin.ir.util.TransformKt.transformInPlace([Lorg/jetbrains/kotlin/ir/IrElement;Lorg/jetbrains/kotlin/ir/visitors/IrElementTransformer;Ljava/lang/Object;)V
Event: 5.887 Thread 0x000002c1fbc02940 DEOPT PACKING pc=0x000002c187edf144 sp=0x000000f8f09fca80
Event: 5.887 Thread 0x000002c1fbc02940 DEOPT UNPACKING pc=0x000002c18758a1a3 sp=0x000000f8f09fca30 mode 2
Event: 5.887 Thread 0x000002c1fbc02940 Uncommon trap: trap_request=0xffffffd6 fr.pc=0x000002c187edf144 relative=0x0000000000000224
Event: 5.887 Thread 0x000002c1fbc02940 Uncommon trap: reason=array_check action=maybe_recompile pc=0x000002c187edf144 method=org.jetbrains.kotlin.ir.util.TransformKt.transformInPlace([Lorg/jetbrains/kotlin/ir/IrElement;Lorg/jetbrains/kotlin/ir/visitors/IrElementTransformer;Ljava/lang/Object;)V
Event: 5.887 Thread 0x000002c1fbc02940 DEOPT PACKING pc=0x000002c187edf144 sp=0x000000f8f09fc980
Event: 5.887 Thread 0x000002c1fbc02940 DEOPT UNPACKING pc=0x000002c18758a1a3 sp=0x000000f8f09fc930 mode 2
Event: 5.887 Thread 0x000002c1fbc02940 Uncommon trap: trap_request=0xffffffd6 fr.pc=0x000002c187edf144 relative=0x0000000000000224
Event: 5.887 Thread 0x000002c1fbc02940 Uncommon trap: reason=array_check action=maybe_recompile pc=0x000002c187edf144 method=org.jetbrains.kotlin.ir.util.TransformKt.transformInPlace([Lorg/jetbrains/kotlin/ir/IrElement;Lorg/jetbrains/kotlin/ir/visitors/IrElementTransformer;Ljava/lang/Object;)V
Event: 5.887 Thread 0x000002c1fbc02940 DEOPT PACKING pc=0x000002c187edf144 sp=0x000000f8f09fcb80
Event: 5.887 Thread 0x000002c1fbc02940 DEOPT UNPACKING pc=0x000002c18758a1a3 sp=0x000000f8f09fcb30 mode 2

Classes unloaded (0 events):
No events

Classes redefined (0 events):
No events

Internal exceptions (20 events):
Event: 3.310 Thread 0x000002c1fbc02940 Implicit null exception at 0x000002c187b2d50f to 0x000002c187b2d585
Event: 3.710 Thread 0x000002c1fbc02940 Implicit null exception at 0x000002c187d8c997 to 0x000002c187d8cecb
Event: 3.749 Thread 0x000002c1fbc02940 Implicit null exception at 0x000002c187bf68cc to 0x000002c187bf69a8
Event: 3.860 Thread 0x000002c1fbc02940 Exception <a 'java/lang/NoSuchMethodError'{0x000000008a9bd9a0}: 'java.lang.Object java.lang.invoke.DirectMethodHandle$Holder.invokeStatic(java.lang.Object, int, java.lang.Object)'> (0x000000008a9bd9a0) 
thrown [s\src\hotspot\share\interpreter\linkResolver.cpp, line 771]
Event: 4.138 Thread 0x000002c1fbc02940 Exception <a 'java/lang/NoSuchMethodError'{0x0000000089c145b8}: 'java.lang.Object java.lang.invoke.DirectMethodHandle$Holder.invokeStatic(java.lang.Object, java.lang.Object, java.lang.Object, java.lang.Object, int)'> (0x0000000089c145b8) 
thrown [s\src\hotspot\share\interpreter\linkResolver.cpp, line 771]
Event: 4.139 Thread 0x000002c1fbc02940 Exception <a 'java/lang/NoSuchMethodError'{0x0000000089c1e2a0}: 'java.lang.Object java.lang.invoke.DirectMethodHandle$Holder.newInvokeSpecial(java.lang.Object, java.lang.Object, java.lang.Object, java.lang.Object, int)'> (0x0000000089c1e2a0) 
thrown [s\src\hotspot\share\interpreter\linkResolver.cpp, line 771]
Event: 4.139 Thread 0x000002c1fbc02940 Exception <a 'java/lang/NoSuchMethodError'{0x0000000089c26370}: 'java.lang.Object java.lang.invoke.Invokers$Holder.linkToTargetMethod(java.lang.Object, java.lang.Object, java.lang.Object, int, java.lang.Object)'> (0x0000000089c26370) 
thrown [s\src\hotspot\share\interpreter\linkResolver.cpp, line 771]
Event: 4.171 Thread 0x000002c1fbc02940 Exception <a 'java/lang/NoSuchMethodError'{0x0000000089bca568}: 'void java.lang.invoke.DirectMethodHandle$Holder.invokeInterface(java.lang.Object, java.lang.Object)'> (0x0000000089bca568) 
thrown [s\src\hotspot\share\interpreter\linkResolver.cpp, line 771]
Event: 4.223 Thread 0x000002c1fbc02940 Exception <a 'java/lang/IncompatibleClassChangeError'{0x00000000899ced08}: Found class java.lang.Object, but interface was expected> (0x00000000899ced08) 
thrown [s\src\hotspot\share\interpreter\linkResolver.cpp, line 838]
Event: 4.259 Thread 0x000002c1fbc02940 Exception <a 'java/lang/NoSuchMethodError'{0x000000008974e740}: 'java.lang.Object java.lang.invoke.DirectMethodHandle$Holder.invokeInterface(java.lang.Object, java.lang.Object, java.lang.Object)'> (0x000000008974e740) 
thrown [s\src\hotspot\share\interpreter\linkResolver.cpp, line 771]
Event: 4.259 Thread 0x000002c1fbc02940 Exception <a 'java/lang/IncompatibleClassChangeError'{0x0000000089752358}: Found class java.lang.Object, but interface was expected> (0x0000000089752358) 
thrown [s\src\hotspot\share\interpreter\linkResolver.cpp, line 838]
Event: 4.405 Thread 0x000002c1fbc02940 Implicit null exception at 0x000002c187b6a611 to 0x000002c187b6a884
Event: 4.489 Thread 0x000002c1fbc02940 Exception <a 'java/lang/NoSuchMethodError'{0x0000000088ad6f58}: 'java.lang.Object java.lang.invoke.DirectMethodHandle$Holder.invokeStaticInit(java.lang.Object, java.lang.Object, java.lang.Object, java.lang.Object)'> (0x0000000088ad6f58) 
thrown [s\src\hotspot\share\interpreter\linkResolver.cpp, line 771]
Event: 4.646 Thread 0x000002c1fbc02940 Implicit null exception at 0x000002c187b479d8 to 0x000002c187b47a6a
Event: 4.749 Thread 0x000002c1fbc02940 Exception <a 'java/lang/NoSuchMethodError'{0x0000000089bdddf0}: 'java.lang.Object java.lang.invoke.DirectMethodHandle$Holder.invokeSpecial(java.lang.Object, java.lang.Object, int, int, java.lang.Object, java.lang.Object, java.lang.Object, java.lang.Object, java.lang.Object)'> (0x0000000089bdddf0) 
thrown [s\src\hotspot\share\interpreter\linkResolver.cpp, line 771]
Event: 5.336 Thread 0x000002c1fbc02940 Exception <a 'java/lang/NoSuchMethodError'{0x00000000897c8fa8}: 'java.lang.Object java.lang.invoke.DirectMethodHandle$Holder.newInvokeSpecial(java.lang.Object, int, java.lang.Object, java.lang.Object)'> (0x00000000897c8fa8) 
thrown [s\src\hotspot\share\interpreter\linkResolver.cpp, line 771]
Event: 5.515 Thread 0x000002c1fbc02940 Implicit null exception at 0x000002c187b3a010 to 0x000002c187b3a2c8
Event: 5.621 Thread 0x000002c1fbc02940 Implicit null exception at 0x000002c187d01797 to 0x000002c187d01a2c
Event: 5.801 Thread 0x000002c1fbc02940 Implicit null exception at 0x000002c187eb4d35 to 0x000002c187eb4f52
Event: 5.856 Thread 0x000002c1fbc02940 Implicit null exception at 0x000002c187ec7d34 to 0x000002c187ecd1bc

VM Operations (20 events):
Event: 5.546 Executing VM operation: G1CollectForAllocation done
Event: 5.656 Executing VM operation: ICBufferFull
Event: 5.656 Executing VM operation: ICBufferFull done
Event: 5.780 Executing VM operation: HandshakeAllThreads
Event: 5.780 Executing VM operation: HandshakeAllThreads done
Event: 5.781 Executing VM operation: HandshakeAllThreads
Event: 5.781 Executing VM operation: HandshakeAllThreads done
Event: 5.785 Executing VM operation: ICBufferFull
Event: 5.785 Executing VM operation: ICBufferFull done
Event: 5.794 Executing VM operation: HandshakeAllThreads
Event: 5.794 Executing VM operation: HandshakeAllThreads done
Event: 5.838 Executing VM operation: ICBufferFull
Event: 5.838 Executing VM operation: ICBufferFull done
Event: 5.848 Executing VM operation: HandshakeAllThreads
Event: 5.848 Executing VM operation: HandshakeAllThreads done
Event: 5.878 Executing VM operation: HandshakeAllThreads
Event: 5.878 Executing VM operation: HandshakeAllThreads done
Event: 5.892 Executing VM operation: ICBufferFull
Event: 5.892 Executing VM operation: ICBufferFull done
Event: 5.907 Executing VM operation: G1CollectForAllocation

Events (20 events):
Event: 5.100 Thread 0x000002c195a131e0 flushing nmethod 0x000002c180fcfc10
Event: 5.100 Thread 0x000002c195a131e0 flushing nmethod 0x000002c180fd4d90
Event: 5.100 Thread 0x000002c195a131e0 flushing nmethod 0x000002c181001810
Event: 5.100 Thread 0x000002c195a131e0 flushing nmethod 0x000002c181025510
Event: 5.100 Thread 0x000002c195a131e0 flushing nmethod 0x000002c18104d310
Event: 5.100 Thread 0x000002c195a131e0 flushing nmethod 0x000002c181052e90
Event: 5.100 Thread 0x000002c195a131e0 flushing nmethod 0x000002c1810cbf90
Event: 5.100 Thread 0x000002c195a131e0 flushing nmethod 0x000002c1810dce10
Event: 5.100 Thread 0x000002c195a131e0 flushing nmethod 0x000002c1810dde90
Event: 5.100 Thread 0x000002c195a131e0 flushing nmethod 0x000002c1810f0c90
Event: 5.100 Thread 0x000002c195a131e0 flushing nmethod 0x000002c181104410
Event: 5.100 Thread 0x000002c195a131e0 flushing nmethod 0x000002c181104f10
Event: 5.100 Thread 0x000002c195a131e0 flushing nmethod 0x000002c18113f110
Event: 5.100 Thread 0x000002c195a131e0 flushing nmethod 0x000002c181142010
Event: 5.100 Thread 0x000002c195a131e0 flushing nmethod 0x000002c18114b510
Event: 5.100 Thread 0x000002c195a131e0 flushing nmethod 0x000002c18119c590
Event: 5.100 Thread 0x000002c195a131e0 flushing nmethod 0x000002c1811ab110
Event: 5.100 Thread 0x000002c195a131e0 flushing nmethod 0x000002c1811ab490
Event: 5.103 loading class java/security/CodeSigner
Event: 5.103 loading class java/security/CodeSigner done


Dynamic libraries:
0x00007ff6c2320000 - 0x00007ff6c232a000 	C:\Program Files\Android\Android Studio\jbr\bin\java.exe
0x00007ffc5c930000 - 0x00007ffc5cb28000 	C:\Windows\SYSTEM32\ntdll.dll
0x00007ffc5c7a0000 - 0x00007ffc5c85d000 	C:\Windows\System32\KERNEL32.DLL
0x00007ffc5a680000 - 0x00007ffc5a952000 	C:\Windows\System32\KERNELBASE.dll
0x00007ffc5a040000 - 0x00007ffc5a140000 	C:\Windows\System32\ucrtbase.dll
0x00007ffc2b200000 - 0x00007ffc2b21b000 	C:\Program Files\Android\Android Studio\jbr\bin\VCRUNTIME140.dll
0x00007ffc4ea90000 - 0x00007ffc4eaa7000 	C:\Program Files\Android\Android Studio\jbr\bin\jli.dll
0x00007ffc5afd0000 - 0x00007ffc5b16d000 	C:\Windows\System32\USER32.dll
0x00007ffc5a960000 - 0x00007ffc5a982000 	C:\Windows\System32\win32u.dll
0x00007ffc5c6c0000 - 0x00007ffc5c6eb000 	C:\Windows\System32\GDI32.dll
0x00007ffc42990000 - 0x00007ffc42c2a000 	C:\Windows\WinSxS\amd64_microsoft.windows.common-controls_6595b64144ccf1df_6.0.19041.1110_none_60b5254171f9507e\COMCTL32.dll
0x00007ffc5a140000 - 0x00007ffc5a24f000 	C:\Windows\System32\gdi32full.dll
0x00007ffc5a250000 - 0x00007ffc5a2ed000 	C:\Windows\System32\msvcp_win.dll
0x00007ffc5b1a0000 - 0x00007ffc5b23e000 	C:\Windows\System32\msvcrt.dll
0x00007ffc5b170000 - 0x00007ffc5b1a0000 	C:\Windows\System32\IMM32.DLL
0x00007ffc38f80000 - 0x00007ffc38f8c000 	C:\Program Files\Android\Android Studio\jbr\bin\vcruntime140_1.dll
0x00007ffc07400000 - 0x00007ffc0748d000 	C:\Program Files\Android\Android Studio\jbr\bin\msvcp140.dll
0x00007ffc08b20000 - 0x00007ffc097a3000 	C:\Program Files\Android\Android Studio\jbr\bin\server\jvm.dll
0x00007ffc5c560000 - 0x00007ffc5c60e000 	C:\Windows\System32\ADVAPI32.dll
0x00007ffc5c610000 - 0x00007ffc5c6ac000 	C:\Windows\System32\sechost.dll
0x00007ffc5acf0000 - 0x00007ffc5ae15000 	C:\Windows\System32\RPCRT4.dll
0x00007ffc59620000 - 0x00007ffc5966b000 	C:\Windows\SYSTEM32\POWRPROF.dll
0x00007ffc55980000 - 0x00007ffc55989000 	C:\Windows\SYSTEM32\WSOCK32.dll
0x00007ffc4e3a0000 - 0x00007ffc4e3aa000 	C:\Windows\SYSTEM32\VERSION.dll
0x00007ffc4be80000 - 0x00007ffc4bea7000 	C:\Windows\SYSTEM32\WINMM.dll
0x00007ffc5bf50000 - 0x00007ffc5bfbb000 	C:\Windows\System32\WS2_32.dll
0x00007ffc59480000 - 0x00007ffc59492000 	C:\Windows\SYSTEM32\UMPDC.dll
0x00007ffc58890000 - 0x00007ffc588a2000 	C:\Windows\SYSTEM32\kernel.appcore.dll
0x00007ffc55960000 - 0x00007ffc5596a000 	C:\Program Files\Android\Android Studio\jbr\bin\jimage.dll
0x00007ffc585b0000 - 0x00007ffc58794000 	C:\Windows\SYSTEM32\DBGHELP.DLL
0x00007ffc47c20000 - 0x00007ffc47c4c000 	C:\Windows\SYSTEM32\dbgcore.DLL
0x00007ffc5a580000 - 0x00007ffc5a602000 	C:\Windows\System32\bcryptPrimitives.dll
0x00007ffc549d0000 - 0x00007ffc549f5000 	C:\Program Files\Android\Android Studio\jbr\bin\java.dll
0x00007ffc55940000 - 0x00007ffc55958000 	C:\Program Files\Android\Android Studio\jbr\bin\zip.dll
0x00007ffc5b630000 - 0x00007ffc5bd73000 	C:\Windows\System32\SHELL32.dll
0x00007ffc57d40000 - 0x00007ffc584d1000 	C:\Windows\SYSTEM32\windows.storage.dll
0x00007ffc5a990000 - 0x00007ffc5ace4000 	C:\Windows\System32\combase.dll
0x00007ffc59aa0000 - 0x00007ffc59ad0000 	C:\Windows\SYSTEM32\Wldp.dll
0x00007ffc5c6f0000 - 0x00007ffc5c79d000 	C:\Windows\System32\SHCORE.dll
0x00007ffc5b5d0000 - 0x00007ffc5b625000 	C:\Windows\System32\shlwapi.dll
0x00007ffc59f80000 - 0x00007ffc59f9f000 	C:\Windows\SYSTEM32\profapi.dll
0x00007ffc53a80000 - 0x00007ffc53a99000 	C:\Program Files\Android\Android Studio\jbr\bin\net.dll
0x00007ffc55440000 - 0x00007ffc5554d000 	C:\Windows\SYSTEM32\WINHTTP.dll
0x00007ffc59800000 - 0x00007ffc5986a000 	C:\Windows\system32\mswsock.dll
0x00007ffc53a00000 - 0x00007ffc53a16000 	C:\Program Files\Android\Android Studio\jbr\bin\nio.dll
0x00007ffc53c40000 - 0x00007ffc53c50000 	C:\Program Files\Android\Android Studio\jbr\bin\verify.dll

dbghelp: loaded successfully - version: 4.0.5 - missing functions: none
symbol engine: initialized successfully - sym options: 0x614 - pdb path: .;C:\Program Files\Android\Android Studio\jbr\bin;C:\Windows\SYSTEM32;C:\Windows\WinSxS\amd64_microsoft.windows.common-controls_6595b64144ccf1df_6.0.19041.1110_none_60b5254171f9507e;C:\Program Files\Android\Android Studio\jbr\bin\server

VM Arguments:
java_command: org.jetbrains.kotlin.cli.jvm.K2JVMCompiler @D:\AdroidProjects\WeatherTestApp\app\build\20240927_10389534561333606821.compiler.options
java_class_path (initial): C:\Users\user\.gradle\caches\modules-2\files-2.1\org.jetbrains.kotlin\kotlin-compiler-embeddable\1.9.0\2c8c3a7402becca891f12739b3e9fd2dc2adbd7a\kotlin-compiler-embeddable-1.9.0.jar;C:\Users\user\.gradle\caches\modules-2\files-2.1\org.jetbrains.kotlin\kotlin-stdlib\1.9.0\8ee15ef0c67dc83d874f412d84378d7f0eb50b63\kotlin-stdlib-1.9.0.jar;C:\Users\user\.gradle\caches\modules-2\files-2.1\org.jetbrains.kotlin\kotlin-script-runtime\1.9.0\4b3102cbbb7e1b58d9d1adf89563f00069ffa7d1\kotlin-script-runtime-1.9.0.jar;C:\Users\user\.gradle\caches\modules-2\files-2.1\org.jetbrains.kotlin\kotlin-reflect\1.6.10\1cbe9c92c12a94eea200d23c2bbaedaf3daf5132\kotlin-reflect-1.6.10.jar;C:\Users\user\.gradle\caches\modules-2\files-2.1\org.jetbrains.kotlin\kotlin-daemon-embeddable\1.9.0\186543f5e28cf8d9a0290fecc2cf34301c40a65c\kotlin-daemon-embeddable-1.9.0.jar;C:\Users\user\.gradle\caches\modules-2\files-2.1\org.jetbrains.intellij.deps\trove4j\1.0.20200330\3afb14d5f9ceb459d724e907a21145e8ff394f02\trove4j-1.0.20200330.jar;C:\Users\user\.gradle\caches\modules-2\files-2.1\org.jetbrains.kotlin\kotlin-stdlib-common\1.9.0\cd65c21cfd1eec4d44ef09f9f52b6d9f8a720636\kotlin-stdlib-common-1.9.0.jar;C:\Users\user\.gradle\caches\modules-2\files-2.1\org.jetbrains\annotations\13.0\919f0dfe192fb4e063e7dacadee7f8bb9a2672a9\annotations-13.0.jar
Launcher Type: SUN_STANDARD

[Global flags]
     intx CICompilerCount                          = 4                                         {product} {ergonomic}
     uint ConcGCThreads                            = 2                                         {product} {ergonomic}
     uint G1ConcRefinementThreads                  = 8                                         {product} {ergonomic}
   size_t G1HeapRegionSize                         = 1048576                                   {product} {ergonomic}
    uintx GCDrainStackTargetSize                   = 64                                        {product} {ergonomic}
   size_t InitialHeapSize                          = 130023424                                 {product} {ergonomic}
   size_t MarkStackSize                            = 4194304                                   {product} {ergonomic}
   size_t MaxHeapSize                              = 2080374784                                {product} {ergonomic}
   size_t MaxNewSize                               = 1247805440                                {product} {ergonomic}
   size_t MinHeapDeltaBytes                        = 1048576                                   {product} {ergonomic}
   size_t MinHeapSize                              = 8388608                                   {product} {ergonomic}
    uintx NonNMethodCodeHeapSize                   = 5839372                                {pd product} {ergonomic}
    uintx NonProfiledCodeHeapSize                  = 122909434                              {pd product} {ergonomic}
    uintx ProfiledCodeHeapSize                     = 122909434                              {pd product} {ergonomic}
    uintx ReservedCodeCacheSize                    = 251658240                              {pd product} {ergonomic}
     bool SegmentedCodeCache                       = true                                      {product} {ergonomic}
   size_t SoftMaxHeapSize                          = 2080374784                             {manageable} {ergonomic}
     bool UseCompressedClassPointers               = true                           {product lp64_product} {ergonomic}
     bool UseCompressedOops                        = true                           {product lp64_product} {ergonomic}
     bool UseG1GC                                  = true                                      {product} {ergonomic}
     bool UseLargePagesIndividualAllocation        = false                                  {pd product} {ergonomic}

Logging:
Log output configuration:
 #0: stdout all=warning uptime,level,tags
 #1: stderr all=off uptime,level,tags

Environment Variables:
PATH=C:\Windows\system32;C:\Windows;C:\Windows\System32\Wbem;C:\Windows\System32\WindowsPowerShell\v1.0\;C:\Windows\System32\OpenSSH\;C:\Program Files (x86)\NVIDIA Corporation\PhysX\Common;C:\Program Files\NVIDIA Corporation\NVIDIA NvDLISR;C:\Program Files\dotnet\;C:\Program Files\Common Files\Autodesk Shared\;C:\Users\user\AppData\Local\Microsoft\WindowsApps;
USERNAME=user
OS=Windows_NT
PROCESSOR_IDENTIFIER=Intel64 Family 6 Model 140 Stepping 1, GenuineIntel
TMP=C:\Users\user\AppData\Local\Temp
TEMP=C:\Users\user\AppData\Local\Temp



Periodic native trim disabled

JNI global refs:
JNI global refs: 14, weak refs: 13

JNI global refs memory usage: 843, weak refs: 841

Process memory usage:
Resident Set Size: 311544K (3% of 8123000K total physical memory with 573032K free physical memory)

OOME stack traces (most recent first):
Classloader memory used:
Loader jdk.internal.loader.ClassLoaders$AppClassLoader                                 : 8285K
Loader bootstrap                                                                       : 1360K
Loader jdk.internal.reflect.DelegatingClassLoader                                      : 11701B


---------------  S Y S T E M  ---------------

OS:
 Windows 10 , 64 bit Build 19041 (10.0.19041.1889)
OS uptime: 0 days 2:07 hours

CPU: total 8 (initial active 8) (4 cores per cpu, 2 threads per core) family 6 model 140 stepping 1 microcode 0x86, cx8, cmov, fxsr, ht, mmx, 3dnowpref, sse, sse2, sse3, ssse3, sse4.1, sse4.2, popcnt, lzcnt, tsc, tscinvbit, avx, avx2, aes, erms, clmul, bmi1, bmi2, adx, avx512f, avx512dq, avx512cd, avx512bw, avx512vl, sha, fma, vzeroupper, avx512_vpopcntdq, avx512_vpclmulqdq, avx512_vaes, avx512_vnni, clflush, clflushopt, clwb, avx512_vbmi2, avx512_vbmi
Processor Information for all 8 processors :
  Max Mhz: 2419, Current Mhz: 2419, Mhz Limit: 2419

Memory: 4k page, system-wide physical 7932M (559M free)
TotalPageFile size 13347M (AvailPageFile size 11M)
current process WorkingSet (physical memory assigned to process): 304M, peak: 314M
current process commit charge ("private bytes"): 358M, peak: 435M

vm_info: OpenJDK 64-Bit Server VM (17.0.11+0--11852314) for windows-amd64 JRE (17.0.11+0--11852314), built on May 16 2024 21:29:20 by "androidbuild" with MS VC++ 16.10 / 16.11 (VS2019)

END.
