#
# There is insufficient memory for the Java Runtime Environment to continue.
# Native memory allocation (mmap) failed to map 1048576 bytes. Error detail: G1 virtual space
# Possible reasons:
#   The system is out of physical RAM or swap space
#   This process is running with CompressedOops enabled, and the Java Heap may be blocking the growth of the native heap
# Possible solutions:
#   Reduce memory load on the system
#   Increase physical memory or swap space
#   Check if swap backing store is full
#   Decrease Java heap size (-Xmx/-Xms)
#   Decrease number of Java threads
#   Decrease Java thread stack sizes (-Xss)
#   Set larger code cache with -XX:ReservedCodeCacheSize=
#   JVM is running with Unscaled Compressed Oops mode in which the Java heap is
#     placed in the first 4GB address space. The Java Heap base address is the
#     maximum limit for the native heap growth. Please use -XX:HeapBaseMinAddress
#     to set the Java Heap base and to place the Java Heap above 4GB virtual address.
# This output file may be truncated or incomplete.
#
#  Out of Memory Error (os_windows.cpp:3825), pid=10760, tid=10788
#
# JRE version: OpenJDK Runtime Environment (17.0.11) (build 17.0.11+0--11852314)
# Java VM: OpenJDK 64-Bit Server VM (17.0.11+0--11852314, mixed mode, tiered, compressed oops, compressed class ptrs, g1 gc, windows-amd64)
# No core dump will be written. Minidumps are not enabled by default on client versions of Windows
#

---------------  S U M M A R Y ------------

Command Line: org.jetbrains.kotlin.cli.jvm.K2JVMCompiler @D:\AdroidProjects\WeatherTestApp\app\build\20240927_466046614235289213.compiler.options

Host: 11th Gen Intel(R) Core(TM) i5-1135G7 @ 2.40GHz, 8 cores, 7G,  Windows 10 , 64 bit Build 19041 (10.0.19041.1889)
Time: Fri Sep 27 10:21:45 2024  Windows 10 , 64 bit Build 19041 (10.0.19041.1889) elapsed time: 3.623140 seconds (0d 0h 0m 3s)

---------------  T H R E A D  ---------------

Current thread (0x00000178f0d04610):  VMThread "VM Thread" [stack: 0x0000004e3a200000,0x0000004e3a300000] [id=10788]

Stack: [0x0000004e3a200000,0x0000004e3a300000]
Native frames: (J=compiled Java code, j=interpreted, Vv=VM code, C=native code)
V  [jvm.dll+0x687bb9]
V  [jvm.dll+0x84142a]
V  [jvm.dll+0x8430ae]
V  [jvm.dll+0x843713]
V  [jvm.dll+0x24a35f]
V  [jvm.dll+0x684989]
V  [jvm.dll+0x67923a]
V  [jvm.dll+0x30af0b]
V  [jvm.dll+0x3123b6]
V  [jvm.dll+0x361dfe]
V  [jvm.dll+0x36202f]
V  [jvm.dll+0x2e0d38]
V  [jvm.dll+0x2df144]
V  [jvm.dll+0x2de74c]
V  [jvm.dll+0x33290c]
V  [jvm.dll+0x847e0b]
V  [jvm.dll+0x848b42]
V  [jvm.dll+0x84905d]
V  [jvm.dll+0x849434]
V  [jvm.dll+0x849500]
V  [jvm.dll+0x7efa4a]
V  [jvm.dll+0x686a35]
C  [ucrtbase.dll+0x21bb2]
C  [KERNEL32.DLL+0x17034]
C  [ntdll.dll+0x526a1]

VM_Operation (0x0000004e39cf8e30): CollectForMetadataAllocation, mode: safepoint, requested by thread 0x00000178d54351a0


---------------  P R O C E S S  ---------------

Threads class SMR info:
_java_thread_list=0x00000178f176cb10, length=14, elements={
0x00000178d54351a0, 0x00000178f118e140, 0x00000178f118eb00, 0x00000178f11a2cf0,
0x00000178f11a36b0, 0x00000178f11a6080, 0x00000178f11a6a40, 0x00000178f0d07800,
0x00000178f0d082b0, 0x00000178f0d094c0, 0x00000178f134e740, 0x00000178f134f6d0,
0x00000178f1355290, 0x00000178f1c45ed0
}

Java Threads: ( => current thread )
  0x00000178d54351a0 JavaThread "main" [_thread_blocked, id=9456, stack(0x0000004e39c00000,0x0000004e39d00000)]
  0x00000178f118e140 JavaThread "Reference Handler" daemon [_thread_blocked, id=2308, stack(0x0000004e3a300000,0x0000004e3a400000)]
  0x00000178f118eb00 JavaThread "Finalizer" daemon [_thread_blocked, id=10936, stack(0x0000004e3a400000,0x0000004e3a500000)]
  0x00000178f11a2cf0 JavaThread "Signal Dispatcher" daemon [_thread_blocked, id=4280, stack(0x0000004e3a500000,0x0000004e3a600000)]
  0x00000178f11a36b0 JavaThread "Attach Listener" daemon [_thread_blocked, id=9568, stack(0x0000004e3a600000,0x0000004e3a700000)]
  0x00000178f11a6080 JavaThread "Service Thread" daemon [_thread_blocked, id=660, stack(0x0000004e3a700000,0x0000004e3a800000)]
  0x00000178f11a6a40 JavaThread "Monitor Deflation Thread" daemon [_thread_blocked, id=6972, stack(0x0000004e3a800000,0x0000004e3a900000)]
  0x00000178f0d07800 JavaThread "C2 CompilerThread0" daemon [_thread_blocked, id=5760, stack(0x0000004e3a900000,0x0000004e3aa00000)]
  0x00000178f0d082b0 JavaThread "C1 CompilerThread0" daemon [_thread_blocked, id=8000, stack(0x0000004e3aa00000,0x0000004e3ab00000)]
  0x00000178f0d094c0 JavaThread "Sweeper thread" daemon [_thread_blocked, id=4924, stack(0x0000004e3ab00000,0x0000004e3ac00000)]
  0x00000178f134e740 JavaThread "Notification Thread" daemon [_thread_blocked, id=6164, stack(0x0000004e3ac00000,0x0000004e3ad00000)]
  0x00000178f134f6d0 JavaThread "Common-Cleaner" daemon [_thread_blocked, id=9488, stack(0x0000004e3ae00000,0x0000004e3af00000)]
  0x00000178f1355290 JavaThread "C2 CompilerThread1" daemon [_thread_blocked, id=8344, stack(0x0000004e3af00000,0x0000004e3b000000)]
  0x00000178f1c45ed0 JavaThread "C2 CompilerThread2" daemon [_thread_blocked, id=8244, stack(0x0000004e3b400000,0x0000004e3b500000)]

Other Threads:
=>0x00000178f0d04610 VMThread "VM Thread" [stack: 0x0000004e3a200000,0x0000004e3a300000] [id=10788]
  0x00000178f134ec20 WatcherThread [stack: 0x0000004e3ad00000,0x0000004e3ae00000] [id=5240]
  0x00000178d5497f70 GCTaskThread "GC Thread#0" [stack: 0x0000004e39d00000,0x0000004e39e00000] [id=1088]
  0x00000178f1aa1bb0 GCTaskThread "GC Thread#1" [stack: 0x0000004e3b000000,0x0000004e3b100000] [id=5028]
  0x00000178f1aed240 GCTaskThread "GC Thread#2" [stack: 0x0000004e3b100000,0x0000004e3b200000] [id=2952]
  0x00000178f1ad8f20 GCTaskThread "GC Thread#3" [stack: 0x0000004e3b200000,0x0000004e3b300000] [id=5456]
  0x00000178f1ad91e0 GCTaskThread "GC Thread#4" [stack: 0x0000004e3b300000,0x0000004e3b400000] [id=9484]
  0x00000178f61f5350 GCTaskThread "GC Thread#5" [stack: 0x0000004e3b500000,0x0000004e3b600000] [id=6292]
  0x00000178f6444670 GCTaskThread "GC Thread#6" [stack: 0x0000004e3b600000,0x0000004e3b700000] [id=10916]
  0x00000178f6242c50 GCTaskThread "GC Thread#7" [stack: 0x0000004e3b700000,0x0000004e3b800000] [id=5260]
  0x00000178d54a8cd0 ConcurrentGCThread "G1 Main Marker" [stack: 0x0000004e39e00000,0x0000004e39f00000] [id=1096]
  0x00000178d54a96f0 ConcurrentGCThread "G1 Conc#0" [stack: 0x0000004e39f00000,0x0000004e3a000000] [id=4852]
  0x00000178f6242f10 ConcurrentGCThread "G1 Conc#1" [stack: 0x0000004e3b800000,0x0000004e3b900000] [id=6516]
  0x00000178d54feb90 ConcurrentGCThread "G1 Refine#0" [stack: 0x0000004e3a000000,0x0000004e3a100000] [id=8572]
  0x00000178f7d61230 ConcurrentGCThread "G1 Refine#1" [stack: 0x0000004e3b900000,0x0000004e3ba00000] [id=5392]
  0x00000178f0b667b0 ConcurrentGCThread "G1 Service" [stack: 0x0000004e3a100000,0x0000004e3a200000] [id=2272]

Threads with active compile tasks:
C2 CompilerThread0     3630 6481       4       org.jetbrains.kotlin.com.intellij.lang.impl.PsiBuilderImpl::skipWhitespace (98 bytes)

VM state: at safepoint (normal execution)

VM Mutex/Monitor currently owned by a thread:  ([mutex/lock_event])
[0x00000178d542ff40] Threads_lock - owner thread: 0x00000178f0d04610
[0x00000178d5431380] Heap_lock - owner thread: 0x00000178d54351a0

Heap address: 0x0000000084000000, size: 1984 MB, Compressed Oops mode: 32-bit

CDS archive(s) not mapped
Compressed class space mapped at: 0x0000000100000000-0x0000000140000000, reserved size: 1073741824
Narrow klass base: 0x0000000000000000, Narrow klass shift: 3, Narrow klass range: 0x140000000

GC Precious Log:
 CPUs: 8 total, 8 available
 Memory: 7932M
 Large Page Support: Disabled
 NUMA Support: Disabled
 Compressed Oops: Enabled (32-bit)
 Heap Region Size: 1M
 Heap Min Capacity: 8M
 Heap Initial Capacity: 124M
 Heap Max Capacity: 1984M
 Pre-touch: Disabled
 Parallel Workers: 8
 Concurrent Workers: 2
 Concurrent Refinement Workers: 8
 Periodic GC: Disabled

Heap:
 garbage-first heap   total 126976K, used 48406K [0x0000000084000000, 0x0000000100000000)
  region size 1024K, 4 young (4096K), 4 survivors (4096K)
 Metaspace       used 60382K, committed 60608K, reserved 1114112K
  class space    used 7270K, committed 7360K, reserved 1048576K

Heap Regions: E=young(eden), S=young(survivor), O=old, HS=humongous(starts), HC=humongous(continues), CS=collection set, F=free, OA=open archive, CA=closed archive, TAMS=top-at-mark-start (previous, next)
|   0|0x0000000084000000, 0x0000000084100000, 0x0000000084100000|100%|HS|  |TAMS 0x0000000084100000, 0x0000000084100000| Complete 
|   1|0x0000000084100000, 0x0000000084200000, 0x0000000084200000|100%|HC|  |TAMS 0x0000000084200000, 0x0000000084200000| Complete 
|   2|0x0000000084200000, 0x0000000084300000, 0x0000000084300000|100%|HC|  |TAMS 0x0000000084300000, 0x0000000084300000| Complete 
|   3|0x0000000084300000, 0x0000000084400000, 0x0000000084400000|100%|HC|  |TAMS 0x0000000084400000, 0x0000000084400000| Complete 
|   4|0x0000000084400000, 0x0000000084500000, 0x0000000084500000|100%| O|  |TAMS 0x0000000084500000, 0x0000000084500000| Untracked 
|   5|0x0000000084500000, 0x0000000084600000, 0x0000000084600000|100%| O|  |TAMS 0x0000000084600000, 0x0000000084600000| Untracked 
|   6|0x0000000084600000, 0x0000000084700000, 0x0000000084700000|100%| O|  |TAMS 0x0000000084700000, 0x0000000084700000| Untracked 
|   7|0x0000000084700000, 0x0000000084800000, 0x0000000084800000|100%| O|  |TAMS 0x0000000084800000, 0x0000000084800000| Untracked 
|   8|0x0000000084800000, 0x0000000084900000, 0x0000000084900000|100%| O|  |TAMS 0x0000000084900000, 0x0000000084900000| Untracked 
|   9|0x0000000084900000, 0x0000000084a00000, 0x0000000084a00000|100%| O|  |TAMS 0x0000000084900000, 0x0000000084a00000| Untracked 
|  10|0x0000000084a00000, 0x0000000084b00000, 0x0000000084b00000|100%| O|  |TAMS 0x0000000084a00000, 0x0000000084b00000| Untracked 
|  11|0x0000000084b00000, 0x0000000084c00000, 0x0000000084c00000|100%| O|  |TAMS 0x0000000084c00000, 0x0000000084c00000| Untracked 
|  12|0x0000000084c00000, 0x0000000084d00000, 0x0000000084d00000|100%| O|  |TAMS 0x0000000084d00000, 0x0000000084d00000| Untracked 
|  13|0x0000000084d00000, 0x0000000084e00000, 0x0000000084e00000|100%| O|  |TAMS 0x0000000084e00000, 0x0000000084e00000| Untracked 
|  14|0x0000000084e00000, 0x0000000084f00000, 0x0000000084f00000|100%| O|  |TAMS 0x0000000084f00000, 0x0000000084f00000| Untracked 
|  15|0x0000000084f00000, 0x0000000085000000, 0x0000000085000000|100%| O|  |TAMS 0x0000000085000000, 0x0000000085000000| Untracked 
|  16|0x0000000085000000, 0x0000000085100000, 0x0000000085100000|100%| O|  |TAMS 0x0000000085100000, 0x0000000085100000| Untracked 
|  17|0x0000000085100000, 0x0000000085200000, 0x0000000085200000|100%|HS|  |TAMS 0x0000000085100000, 0x0000000085200000| Complete 
|  18|0x0000000085200000, 0x0000000085300000, 0x0000000085300000|100%|HC|  |TAMS 0x0000000085200000, 0x0000000085300000| Complete 
|  19|0x0000000085300000, 0x0000000085400000, 0x0000000085400000|100%| O|  |TAMS 0x0000000085300000, 0x0000000085400000| Untracked 
|  20|0x0000000085400000, 0x0000000085459200, 0x0000000085500000| 34%| O|  |TAMS 0x0000000085459200, 0x0000000085459200| Untracked 
|  21|0x0000000085500000, 0x0000000085600000, 0x0000000085600000|100%| O|  |TAMS 0x0000000085500000, 0x0000000085600000| Untracked 
|  22|0x0000000085600000, 0x0000000085700000, 0x0000000085700000|100%| O|  |TAMS 0x0000000085600000, 0x0000000085700000| Untracked 
|  23|0x0000000085700000, 0x0000000085800000, 0x0000000085800000|100%| O|  |TAMS 0x0000000085700000, 0x0000000085800000| Untracked 
|  24|0x0000000085800000, 0x0000000085900000, 0x0000000085900000|100%| O|  |TAMS 0x0000000085800000, 0x0000000085900000| Untracked 
|  25|0x0000000085900000, 0x0000000085a00000, 0x0000000085a00000|100%| O|  |TAMS 0x0000000085900000, 0x0000000085a00000| Untracked 
|  26|0x0000000085a00000, 0x0000000085b00000, 0x0000000085b00000|100%| O|  |TAMS 0x0000000085a00000, 0x0000000085b00000| Untracked 
|  27|0x0000000085b00000, 0x0000000085c00000, 0x0000000085c00000|100%| O|  |TAMS 0x0000000085b00000, 0x0000000085c00000| Untracked 
|  28|0x0000000085c00000, 0x0000000085d00000, 0x0000000085d00000|100%| O|  |TAMS 0x0000000085c00000, 0x0000000085d00000| Untracked 
|  29|0x0000000085d00000, 0x0000000085e00000, 0x0000000085e00000|100%| O|  |TAMS 0x0000000085d00000, 0x0000000085e00000| Untracked 
|  30|0x0000000085e00000, 0x0000000085f00000, 0x0000000085f00000|100%| O|  |TAMS 0x0000000085e00000, 0x0000000085f00000| Untracked 
|  31|0x0000000085f00000, 0x0000000086000000, 0x0000000086000000|100%| O|  |TAMS 0x0000000085f00000, 0x0000000086000000| Untracked 
|  32|0x0000000086000000, 0x0000000086100000, 0x0000000086100000|100%| O|  |TAMS 0x0000000086000000, 0x0000000086100000| Untracked 
|  33|0x0000000086100000, 0x0000000086200000, 0x0000000086200000|100%| O|  |TAMS 0x0000000086100000, 0x0000000086200000| Untracked 
|  34|0x0000000086200000, 0x0000000086300000, 0x0000000086300000|100%| O|  |TAMS 0x0000000086200000, 0x0000000086300000| Untracked 
|  35|0x0000000086300000, 0x0000000086400000, 0x0000000086400000|100%| O|  |TAMS 0x0000000086300000, 0x0000000086400000| Untracked 
|  36|0x0000000086400000, 0x0000000086500000, 0x0000000086500000|100%| O|  |TAMS 0x0000000086400000, 0x0000000086500000| Untracked 
|  37|0x0000000086500000, 0x0000000086600000, 0x0000000086600000|100%| O|  |TAMS 0x0000000086500000, 0x0000000086600000| Untracked 
|  38|0x0000000086600000, 0x0000000086700000, 0x0000000086700000|100%| O|  |TAMS 0x0000000086600000, 0x0000000086700000| Untracked 
|  39|0x0000000086700000, 0x0000000086800000, 0x0000000086800000|100%| O|  |TAMS 0x0000000086700000, 0x0000000086800000| Untracked 
|  40|0x0000000086800000, 0x0000000086900000, 0x0000000086900000|100%| O|  |TAMS 0x0000000086800000, 0x0000000086900000| Untracked 
|  41|0x0000000086900000, 0x0000000086a00000, 0x0000000086a00000|100%| O|  |TAMS 0x0000000086900000, 0x0000000086a00000| Untracked 
|  42|0x0000000086a00000, 0x0000000086b00000, 0x0000000086b00000|100%| O|  |TAMS 0x0000000086a00000, 0x0000000086b00000| Untracked 
|  43|0x0000000086b00000, 0x0000000086bec600, 0x0000000086c00000| 92%| O|  |TAMS 0x0000000086b00000, 0x0000000086bec600| Untracked 
|  44|0x0000000086c00000, 0x0000000086c00000, 0x0000000086d00000|  0%| F|  |TAMS 0x0000000086c00000, 0x0000000086c00000| Untracked 
|  45|0x0000000086d00000, 0x0000000086d00000, 0x0000000086e00000|  0%| F|  |TAMS 0x0000000086d00000, 0x0000000086d00000| Untracked 
|  46|0x0000000086e00000, 0x0000000086e00000, 0x0000000086f00000|  0%| F|  |TAMS 0x0000000086e00000, 0x0000000086e00000| Untracked 
|  47|0x0000000086f00000, 0x0000000086f00000, 0x0000000087000000|  0%| F|  |TAMS 0x0000000086f00000, 0x0000000086f00000| Untracked 
|  48|0x0000000087000000, 0x0000000087000000, 0x0000000087100000|  0%| F|  |TAMS 0x0000000087000000, 0x0000000087000000| Untracked 
|  49|0x0000000087100000, 0x0000000087100000, 0x0000000087200000|  0%| F|  |TAMS 0x0000000087100000, 0x0000000087100000| Untracked 
|  50|0x0000000087200000, 0x0000000087200000, 0x0000000087300000|  0%| F|  |TAMS 0x0000000087200000, 0x0000000087200000| Untracked 
|  51|0x0000000087300000, 0x0000000087300000, 0x0000000087400000|  0%| F|  |TAMS 0x0000000087300000, 0x0000000087300000| Untracked 
|  52|0x0000000087400000, 0x0000000087400000, 0x0000000087500000|  0%| F|  |TAMS 0x0000000087400000, 0x0000000087400000| Untracked 
|  53|0x0000000087500000, 0x0000000087500000, 0x0000000087600000|  0%| F|  |TAMS 0x0000000087500000, 0x0000000087500000| Untracked 
|  54|0x0000000087600000, 0x0000000087600000, 0x0000000087700000|  0%| F|  |TAMS 0x0000000087600000, 0x0000000087600000| Untracked 
|  55|0x0000000087700000, 0x0000000087700000, 0x0000000087800000|  0%| F|  |TAMS 0x0000000087700000, 0x0000000087700000| Untracked 
|  56|0x0000000087800000, 0x0000000087800000, 0x0000000087900000|  0%| F|  |TAMS 0x0000000087800000, 0x0000000087800000| Untracked 
|  57|0x0000000087900000, 0x0000000087900000, 0x0000000087a00000|  0%| F|  |TAMS 0x0000000087900000, 0x0000000087900000| Untracked 
|  58|0x0000000087a00000, 0x0000000087a00000, 0x0000000087b00000|  0%| F|  |TAMS 0x0000000087a00000, 0x0000000087a00000| Untracked 
|  59|0x0000000087b00000, 0x0000000087b00000, 0x0000000087c00000|  0%| F|  |TAMS 0x0000000087b00000, 0x0000000087b00000| Untracked 
|  60|0x0000000087c00000, 0x0000000087d00000, 0x0000000087d00000|100%| S|CS|TAMS 0x0000000087c00000, 0x0000000087c00000| Complete 
|  61|0x0000000087d00000, 0x0000000087e00000, 0x0000000087e00000|100%| S|CS|TAMS 0x0000000087d00000, 0x0000000087d00000| Complete 
|  62|0x0000000087e00000, 0x0000000087e00000, 0x0000000087f00000|  0%| F|  |TAMS 0x0000000087e00000, 0x0000000087e00000| Untracked 
|  63|0x0000000087f00000, 0x0000000087f00000, 0x0000000088000000|  0%| F|  |TAMS 0x0000000087f00000, 0x0000000087f00000| Untracked 
|  64|0x0000000088000000, 0x0000000088100000, 0x0000000088100000|100%| S|CS|TAMS 0x0000000088000000, 0x0000000088000000| Complete 
|  65|0x0000000088100000, 0x0000000088200000, 0x0000000088200000|100%| S|CS|TAMS 0x0000000088100000, 0x0000000088100000| Complete 
|  66|0x0000000088200000, 0x0000000088200000, 0x0000000088300000|  0%| F|  |TAMS 0x0000000088200000, 0x0000000088200000| Untracked 
|  67|0x0000000088300000, 0x0000000088300000, 0x0000000088400000|  0%| F|  |TAMS 0x0000000088300000, 0x0000000088300000| Untracked 
|  68|0x0000000088400000, 0x0000000088400000, 0x0000000088500000|  0%| F|  |TAMS 0x0000000088400000, 0x0000000088400000| Untracked 
|  69|0x0000000088500000, 0x0000000088500000, 0x0000000088600000|  0%| F|  |TAMS 0x0000000088500000, 0x0000000088500000| Untracked 
|  70|0x0000000088600000, 0x0000000088600000, 0x0000000088700000|  0%| F|  |TAMS 0x0000000088600000, 0x0000000088600000| Untracked 
|  71|0x0000000088700000, 0x0000000088700000, 0x0000000088800000|  0%| F|  |TAMS 0x0000000088700000, 0x0000000088700000| Untracked 
|  72|0x0000000088800000, 0x0000000088800000, 0x0000000088900000|  0%| F|  |TAMS 0x0000000088800000, 0x0000000088800000| Untracked 
|  73|0x0000000088900000, 0x0000000088900000, 0x0000000088a00000|  0%| F|  |TAMS 0x0000000088900000, 0x0000000088900000| Untracked 
|  74|0x0000000088a00000, 0x0000000088a00000, 0x0000000088b00000|  0%| F|  |TAMS 0x0000000088a00000, 0x0000000088a00000| Untracked 
|  75|0x0000000088b00000, 0x0000000088b00000, 0x0000000088c00000|  0%| F|  |TAMS 0x0000000088b00000, 0x0000000088b00000| Untracked 
|  76|0x0000000088c00000, 0x0000000088c00000, 0x0000000088d00000|  0%| F|  |TAMS 0x0000000088c00000, 0x0000000088c00000| Untracked 
|  77|0x0000000088d00000, 0x0000000088d00000, 0x0000000088e00000|  0%| F|  |TAMS 0x0000000088d00000, 0x0000000088d00000| Untracked 
|  78|0x0000000088e00000, 0x0000000088e00000, 0x0000000088f00000|  0%| F|  |TAMS 0x0000000088e00000, 0x0000000088e00000| Untracked 
|  79|0x0000000088f00000, 0x0000000088f00000, 0x0000000089000000|  0%| F|  |TAMS 0x0000000088f00000, 0x0000000088f00000| Untracked 
|  80|0x0000000089000000, 0x0000000089000000, 0x0000000089100000|  0%| F|  |TAMS 0x0000000089000000, 0x0000000089000000| Untracked 
|  81|0x0000000089100000, 0x0000000089100000, 0x0000000089200000|  0%| F|  |TAMS 0x0000000089100000, 0x0000000089100000| Untracked 
|  82|0x0000000089200000, 0x0000000089200000, 0x0000000089300000|  0%| F|  |TAMS 0x0000000089200000, 0x0000000089200000| Untracked 
|  83|0x0000000089300000, 0x0000000089300000, 0x0000000089400000|  0%| F|  |TAMS 0x0000000089300000, 0x0000000089300000| Untracked 
|  84|0x0000000089400000, 0x0000000089400000, 0x0000000089500000|  0%| F|  |TAMS 0x0000000089400000, 0x0000000089400000| Untracked 
|  85|0x0000000089500000, 0x0000000089500000, 0x0000000089600000|  0%| F|  |TAMS 0x0000000089500000, 0x0000000089500000| Untracked 
|  86|0x0000000089600000, 0x0000000089600000, 0x0000000089700000|  0%| F|  |TAMS 0x0000000089600000, 0x0000000089600000| Untracked 
|  87|0x0000000089700000, 0x0000000089700000, 0x0000000089800000|  0%| F|  |TAMS 0x0000000089700000, 0x0000000089700000| Untracked 
|  88|0x0000000089800000, 0x0000000089800000, 0x0000000089900000|  0%| F|  |TAMS 0x0000000089800000, 0x0000000089800000| Untracked 
|  89|0x0000000089900000, 0x0000000089900000, 0x0000000089a00000|  0%| F|  |TAMS 0x0000000089900000, 0x0000000089900000| Untracked 
|  90|0x0000000089a00000, 0x0000000089a00000, 0x0000000089b00000|  0%| F|  |TAMS 0x0000000089a00000, 0x0000000089a00000| Untracked 
|  91|0x0000000089b00000, 0x0000000089b00000, 0x0000000089c00000|  0%| F|  |TAMS 0x0000000089b00000, 0x0000000089b00000| Untracked 
|  92|0x0000000089c00000, 0x0000000089c00000, 0x0000000089d00000|  0%| F|  |TAMS 0x0000000089c00000, 0x0000000089c00000| Untracked 
|  93|0x0000000089d00000, 0x0000000089d00000, 0x0000000089e00000|  0%| F|  |TAMS 0x0000000089d00000, 0x0000000089d00000| Untracked 
|  94|0x0000000089e00000, 0x0000000089e00000, 0x0000000089f00000|  0%| F|  |TAMS 0x0000000089e00000, 0x0000000089e00000| Untracked 
|  95|0x0000000089f00000, 0x0000000089f00000, 0x000000008a000000|  0%| F|  |TAMS 0x0000000089f00000, 0x0000000089f00000| Untracked 
|  96|0x000000008a000000, 0x000000008a000000, 0x000000008a100000|  0%| F|  |TAMS 0x000000008a000000, 0x000000008a000000| Untracked 
|  97|0x000000008a100000, 0x000000008a100000, 0x000000008a200000|  0%| F|  |TAMS 0x000000008a100000, 0x000000008a100000| Untracked 
|  98|0x000000008a200000, 0x000000008a200000, 0x000000008a300000|  0%| F|  |TAMS 0x000000008a200000, 0x000000008a200000| Untracked 
|  99|0x000000008a300000, 0x000000008a300000, 0x000000008a400000|  0%| F|  |TAMS 0x000000008a300000, 0x000000008a300000| Untracked 
| 100|0x000000008a400000, 0x000000008a400000, 0x000000008a500000|  0%| F|  |TAMS 0x000000008a400000, 0x000000008a400000| Untracked 
| 101|0x000000008a500000, 0x000000008a500000, 0x000000008a600000|  0%| F|  |TAMS 0x000000008a500000, 0x000000008a500000| Untracked 
| 102|0x000000008a600000, 0x000000008a600000, 0x000000008a700000|  0%| F|  |TAMS 0x000000008a600000, 0x000000008a600000| Untracked 
| 103|0x000000008a700000, 0x000000008a700000, 0x000000008a800000|  0%| F|  |TAMS 0x000000008a700000, 0x000000008a700000| Untracked 
| 104|0x000000008a800000, 0x000000008a800000, 0x000000008a900000|  0%| F|  |TAMS 0x000000008a800000, 0x000000008a800000| Untracked 
| 105|0x000000008a900000, 0x000000008a900000, 0x000000008aa00000|  0%| F|  |TAMS 0x000000008a900000, 0x000000008a900000| Untracked 
| 106|0x000000008aa00000, 0x000000008aa00000, 0x000000008ab00000|  0%| F|  |TAMS 0x000000008aa00000, 0x000000008aa00000| Untracked 
| 107|0x000000008ab00000, 0x000000008ab00000, 0x000000008ac00000|  0%| F|  |TAMS 0x000000008ab00000, 0x000000008ab00000| Untracked 
| 108|0x000000008ac00000, 0x000000008ac00000, 0x000000008ad00000|  0%| F|  |TAMS 0x000000008ac00000, 0x000000008ac00000| Untracked 
| 109|0x000000008ad00000, 0x000000008ad00000, 0x000000008ae00000|  0%| F|  |TAMS 0x000000008ad00000, 0x000000008ad00000| Untracked 
| 110|0x000000008ae00000, 0x000000008ae00000, 0x000000008af00000|  0%| F|  |TAMS 0x000000008ae00000, 0x000000008ae00000| Untracked 
| 111|0x000000008af00000, 0x000000008af00000, 0x000000008b000000|  0%| F|  |TAMS 0x000000008af00000, 0x000000008af00000| Untracked 
| 112|0x000000008b000000, 0x000000008b000000, 0x000000008b100000|  0%| F|  |TAMS 0x000000008b000000, 0x000000008b000000| Untracked 
| 113|0x000000008b100000, 0x000000008b100000, 0x000000008b200000|  0%| F|  |TAMS 0x000000008b100000, 0x000000008b100000| Untracked 
| 114|0x000000008b200000, 0x000000008b200000, 0x000000008b300000|  0%| F|  |TAMS 0x000000008b200000, 0x000000008b200000| Untracked 
| 115|0x000000008b300000, 0x000000008b300000, 0x000000008b400000|  0%| F|  |TAMS 0x000000008b300000, 0x000000008b300000| Untracked 
| 116|0x000000008b400000, 0x000000008b400000, 0x000000008b500000|  0%| F|  |TAMS 0x000000008b400000, 0x000000008b400000| Untracked 
| 117|0x000000008b500000, 0x000000008b500000, 0x000000008b600000|  0%| F|  |TAMS 0x000000008b500000, 0x000000008b500000| Untracked 
| 118|0x000000008b600000, 0x000000008b600000, 0x000000008b700000|  0%| F|  |TAMS 0x000000008b600000, 0x000000008b600000| Untracked 
| 119|0x000000008b700000, 0x000000008b700000, 0x000000008b800000|  0%| F|  |TAMS 0x000000008b700000, 0x000000008b700000| Untracked 
| 120|0x000000008b800000, 0x000000008b800000, 0x000000008b900000|  0%| F|  |TAMS 0x000000008b800000, 0x000000008b800000| Untracked 
| 121|0x000000008b900000, 0x000000008b900000, 0x000000008ba00000|  0%| F|  |TAMS 0x000000008b900000, 0x000000008b900000| Untracked 
| 122|0x000000008ba00000, 0x000000008ba00000, 0x000000008bb00000|  0%| F|  |TAMS 0x000000008ba00000, 0x000000008ba00000| Untracked 
| 123|0x000000008bb00000, 0x000000008bb00000, 0x000000008bc00000|  0%| F|  |TAMS 0x000000008bb00000, 0x000000008bb00000| Untracked 

Card table byte_map: [0x00000178e9f70000,0x00000178ea350000] _byte_map_base: 0x00000178e9b50000

Marking Bits (Prev, Next): (CMBitMap*) 0x00000178d5498590, (CMBitMap*) 0x00000178d54985d0
 Prev Bits: [0x00000178ea730000, 0x00000178ec630000)
 Next Bits: [0x00000178ec630000, 0x00000178ee530000)

Polling page: 0x00000178d5220000

Metaspace:

Usage:
  Non-class:     51.87 MB used.
      Class:      7.10 MB used.
       Both:     58.97 MB used.

Virtual space:
  Non-class space:       64.00 MB reserved,      52.00 MB ( 81%) committed,  1 nodes.
      Class space:        1.00 GB reserved,       7.19 MB ( <1%) committed,  1 nodes.
             Both:        1.06 GB reserved,      59.19 MB (  5%) committed. 

Chunk freelists:
   Non-Class:  11.88 MB
       Class:  8.78 MB
        Both:  20.66 MB

MaxMetaspaceSize: unlimited
CompressedClassSpaceSize: 1.00 GB
Initial GC threshold: 21.00 MB
Current GC threshold: 59.19 MB
CDS: off
MetaspaceReclaimPolicy: balanced
 - commit_granule_bytes: 65536.
 - commit_granule_words: 8192.
 - virtual_space_node_default_size: 8388608.
 - enlarge_chunks_in_place: 1.
 - new_chunks_are_fully_committed: 0.
 - uncommit_free_chunks: 1.
 - use_allocation_guard: 0.
 - handle_deallocations: 1.


Internal statistics:

num_allocs_failed_limit: 9.
num_arena_births: 234.
num_arena_deaths: 0.
num_vsnodes_births: 2.
num_vsnodes_deaths: 0.
num_space_committed: 945.
num_space_uncommitted: 0.
num_chunks_returned_to_freelist: 9.
num_chunks_taken_from_freelist: 2037.
num_chunk_merges: 9.
num_chunk_splits: 1711.
num_chunks_enlarged: 1553.
num_inconsistent_stats: 0.

CodeHeap 'non-profiled nmethods': size=120000Kb used=3060Kb max_used=3060Kb free=116939Kb
 bounds [0x00000178e1bf0000, 0x00000178e1ef0000, 0x00000178e9120000]
CodeHeap 'profiled nmethods': size=120000Kb used=13635Kb max_used=13741Kb free=106364Kb
 bounds [0x00000178da120000, 0x00000178daea0000, 0x00000178e1650000]
CodeHeap 'non-nmethods': size=5760Kb used=1305Kb max_used=1351Kb free=4455Kb
 bounds [0x00000178e1650000, 0x00000178e18c0000, 0x00000178e1bf0000]
 total_blobs=6293 nmethods=5689 adapters=515
 compilation: enabled
              stopped_count=0, restarted_count=0
 full_count=0

Compilation events (20 events):
Event: 3.608 Thread 0x00000178f0d082b0 nmethod 6473 0x00000178e1eeca90 code [0x00000178e1eecc20, 0x00000178e1eeccd8]
Event: 3.610 Thread 0x00000178f0d082b0 6476       3       java.lang.invoke.BoundMethodHandle::editor (8 bytes)
Event: 3.610 Thread 0x00000178f0d082b0 nmethod 6476 0x00000178dab2e890 code [0x00000178dab2ea60, 0x00000178dab2ee08]
Event: 3.610 Thread 0x00000178f0d082b0 6477       3       java.lang.invoke.LambdaForm::editor (5 bytes)
Event: 3.610 Thread 0x00000178f0d082b0 nmethod 6477 0x00000178dab2e210 code [0x00000178dab2e3e0, 0x00000178dab2e708]
Event: 3.612 Thread 0x00000178f0d082b0 6478       3       java.lang.invoke.MethodHandleNatives::linkCallSiteImpl (44 bytes)
Event: 3.613 Thread 0x00000178f0d082b0 nmethod 6478 0x00000178dab2d390 code [0x00000178dab2d5c0, 0x00000178dab2de98]
Event: 3.613 Thread 0x00000178f0d082b0 6480       3       java.util.BitSet::set (58 bytes)
Event: 3.613 Thread 0x00000178f0d07800 6481       4       org.jetbrains.kotlin.com.intellij.lang.impl.PsiBuilderImpl::skipWhitespace (98 bytes)
Event: 3.613 Thread 0x00000178f1c45ed0 6482       4       java.util.BitSet::wordIndex (5 bytes)
Event: 3.613 Thread 0x00000178f1355290 6485       4       java.util.BitSet::checkInvariants (111 bytes)
Event: 3.613 Thread 0x00000178f1c45ed0 nmethod 6482 0x00000178e1eecd90 code [0x00000178e1eecf00, 0x00000178e1eecf58]
Event: 3.613 Thread 0x00000178f1355290 nmethod 6485 0x00000178e1eed090 code [0x00000178e1eed200, 0x00000178e1eed278]
Event: 3.613 Thread 0x00000178f0d082b0 nmethod 6480 0x00000178dab2c510 code [0x00000178dab2c780, 0x00000178dab2cfd8]
Event: 3.613 Thread 0x00000178f0d082b0 6484       3       org.jetbrains.kotlin.com.intellij.lang.PsiBuilderUtil::expect (20 bytes)
Event: 3.613 Thread 0x00000178f0d082b0 nmethod 6484 0x00000178dab2bf90 code [0x00000178dab2c140, 0x00000178dab2c418]
Event: 3.613 Thread 0x00000178f0d082b0 6479       3       org.jetbrains.kotlin.com.intellij.lang.impl.MarkerProduction::addBefore (14 bytes)
Event: 3.613 Thread 0x00000178f0d082b0 nmethod 6479 0x00000178dab2ba90 code [0x00000178dab2bc40, 0x00000178dab2be58]
Event: 3.613 Thread 0x00000178f0d082b0 6483       3       org.jetbrains.kotlin.com.intellij.lang.java.parser.JavaParser::getDeclarationParser (13 bytes)
Event: 3.613 Thread 0x00000178f0d082b0 nmethod 6483 0x00000178dab2b690 code [0x00000178dab2b840, 0x00000178dab2b9c8]

GC Heap History (20 events):
Event: 1.030 GC heap after
{Heap after GC invocations=5 (full 0):
 garbage-first heap   total 40960K, used 11941K [0x0000000084000000, 0x0000000100000000)
  region size 1024K, 1 young (1024K), 1 survivors (1024K)
 Metaspace       used 28839K, committed 29056K, reserved 1114112K
  class space    used 3556K, committed 3648K, reserved 1048576K
}
Event: 1.167 GC heap before
{Heap before GC invocations=5 (full 0):
 garbage-first heap   total 40960K, used 33445K [0x0000000084000000, 0x0000000100000000)
  region size 1024K, 20 young (20480K), 1 survivors (1024K)
 Metaspace       used 31373K, committed 31488K, reserved 1114112K
  class space    used 4055K, committed 4096K, reserved 1048576K
}
Event: 1.174 GC heap after
{Heap after GC invocations=6 (full 0):
 garbage-first heap   total 40960K, used 17776K [0x0000000084000000, 0x0000000100000000)
  region size 1024K, 3 young (3072K), 3 survivors (3072K)
 Metaspace       used 31373K, committed 31488K, reserved 1114112K
  class space    used 4055K, committed 4096K, reserved 1048576K
}
Event: 1.307 GC heap before
{Heap before GC invocations=6 (full 0):
 garbage-first heap   total 40960K, used 31088K [0x0000000084000000, 0x0000000100000000)
  region size 1024K, 16 young (16384K), 3 survivors (3072K)
 Metaspace       used 34483K, committed 34752K, reserved 1114112K
  class space    used 4391K, committed 4544K, reserved 1048576K
}
Event: 1.312 GC heap after
{Heap after GC invocations=7 (full 0):
 garbage-first heap   total 81920K, used 17468K [0x0000000084000000, 0x0000000100000000)
  region size 1024K, 2 young (2048K), 2 survivors (2048K)
 Metaspace       used 34483K, committed 34752K, reserved 1114112K
  class space    used 4391K, committed 4544K, reserved 1048576K
}
Event: 1.372 GC heap before
{Heap before GC invocations=7 (full 0):
 garbage-first heap   total 81920K, used 23612K [0x0000000084000000, 0x0000000100000000)
  region size 1024K, 9 young (9216K), 2 survivors (2048K)
 Metaspace       used 35885K, committed 36096K, reserved 1114112K
  class space    used 4541K, committed 4672K, reserved 1048576K
}
Event: 1.375 GC heap after
{Heap after GC invocations=8 (full 0):
 garbage-first heap   total 81920K, used 18122K [0x0000000084000000, 0x0000000100000000)
  region size 1024K, 3 young (3072K), 3 survivors (3072K)
 Metaspace       used 35885K, committed 36096K, reserved 1114112K
  class space    used 4541K, committed 4672K, reserved 1048576K
}
Event: 1.776 GC heap before
{Heap before GC invocations=9 (full 0):
 garbage-first heap   total 68608K, used 56010K [0x0000000084000000, 0x0000000100000000)
  region size 1024K, 40 young (40960K), 3 survivors (3072K)
 Metaspace       used 44290K, committed 44480K, reserved 1114112K
  class space    used 5415K, committed 5504K, reserved 1048576K
}
Event: 1.781 GC heap after
{Heap after GC invocations=10 (full 0):
 garbage-first heap   total 68608K, used 21352K [0x0000000084000000, 0x0000000100000000)
  region size 1024K, 5 young (5120K), 5 survivors (5120K)
 Metaspace       used 44290K, committed 44480K, reserved 1114112K
  class space    used 5415K, committed 5504K, reserved 1048576K
}
Event: 2.024 GC heap before
{Heap before GC invocations=10 (full 0):
 garbage-first heap   total 68608K, used 53096K [0x0000000084000000, 0x0000000100000000)
  region size 1024K, 33 young (33792K), 5 survivors (5120K)
 Metaspace       used 47208K, committed 47424K, reserved 1114112K
  class space    used 5761K, committed 5824K, reserved 1048576K
}
Event: 2.035 GC heap after
{Heap after GC invocations=11 (full 0):
 garbage-first heap   total 68608K, used 29423K [0x0000000084000000, 0x0000000100000000)
  region size 1024K, 5 young (5120K), 5 survivors (5120K)
 Metaspace       used 47208K, committed 47424K, reserved 1114112K
  class space    used 5761K, committed 5824K, reserved 1048576K
}
Event: 2.166 GC heap before
{Heap before GC invocations=11 (full 0):
 garbage-first heap   total 68608K, used 49903K [0x0000000084000000, 0x0000000100000000)
  region size 1024K, 25 young (25600K), 5 survivors (5120K)
 Metaspace       used 48733K, committed 48896K, reserved 1114112K
  class space    used 5928K, committed 6016K, reserved 1048576K
}
Event: 2.173 GC heap after
{Heap after GC invocations=12 (full 0):
 garbage-first heap   total 90112K, used 32927K [0x0000000084000000, 0x0000000100000000)
  region size 1024K, 3 young (3072K), 3 survivors (3072K)
 Metaspace       used 48733K, committed 48896K, reserved 1114112K
  class space    used 5928K, committed 6016K, reserved 1048576K
}
Event: 2.705 GC heap before
{Heap before GC invocations=12 (full 0):
 garbage-first heap   total 90112K, used 66719K [0x0000000084000000, 0x0000000100000000)
  region size 1024K, 36 young (36864K), 3 survivors (3072K)
 Metaspace       used 52701K, committed 52928K, reserved 1114112K
  class space    used 6303K, committed 6400K, reserved 1048576K
}
Event: 2.715 GC heap after
{Heap after GC invocations=13 (full 0):
 garbage-first heap   total 90112K, used 38164K [0x0000000084000000, 0x0000000100000000)
  region size 1024K, 5 young (5120K), 5 survivors (5120K)
 Metaspace       used 52701K, committed 52928K, reserved 1114112K
  class space    used 6303K, committed 6400K, reserved 1048576K
}
Event: 3.022 GC heap before
{Heap before GC invocations=13 (full 0):
 garbage-first heap   total 90112K, used 67860K [0x0000000084000000, 0x0000000100000000)
  region size 1024K, 34 young (34816K), 5 survivors (5120K)
 Metaspace       used 53408K, committed 53696K, reserved 1114112K
  class space    used 6336K, committed 6464K, reserved 1048576K
}
Event: 3.039 GC heap after
{Heap after GC invocations=14 (full 0):
 garbage-first heap   total 90112K, used 43704K [0x0000000084000000, 0x0000000100000000)
  region size 1024K, 5 young (5120K), 5 survivors (5120K)
 Metaspace       used 53408K, committed 53696K, reserved 1114112K
  class space    used 6336K, committed 6464K, reserved 1048576K
}
Event: 3.232 GC heap before
{Heap before GC invocations=14 (full 0):
 garbage-first heap   total 90112K, used 67256K [0x0000000084000000, 0x0000000100000000)
  region size 1024K, 29 young (29696K), 5 survivors (5120K)
 Metaspace       used 56007K, committed 56192K, reserved 1114112K
  class space    used 6642K, committed 6720K, reserved 1048576K
}
Event: 3.241 GC heap after
{Heap after GC invocations=15 (full 0):
 garbage-first heap   total 90112K, used 45833K [0x0000000084000000, 0x0000000100000000)
  region size 1024K, 2 young (2048K), 2 survivors (2048K)
 Metaspace       used 56007K, committed 56192K, reserved 1114112K
  class space    used 6642K, committed 6720K, reserved 1048576K
}
Event: 3.615 GC heap before
{Heap before GC invocations=15 (full 0):
 garbage-first heap   total 90112K, used 66313K [0x0000000084000000, 0x0000000100000000)
  region size 1024K, 24 young (24576K), 2 survivors (2048K)
 Metaspace       used 60382K, committed 60608K, reserved 1114112K
  class space    used 7270K, committed 7360K, reserved 1048576K
}

Dll operation events (2 events):
Event: 0.004 Loaded shared library C:\Program Files\Android\Android Studio\jbr\bin\java.dll
Event: 0.899 Loaded shared library C:\Program Files\Android\Android Studio\jbr\bin\verify.dll

Deoptimization events (20 events):
Event: 3.525 Thread 0x00000178d54351a0 Uncommon trap: trap_request=0xffffffde fr.pc=0x00000178e1c40874 relative=0x0000000000000ed4
Event: 3.525 Thread 0x00000178d54351a0 Uncommon trap: reason=class_check action=maybe_recompile pc=0x00000178e1c40874 method=java.util.concurrent.ConcurrentHashMap.putVal(Ljava/lang/Object;Ljava/lang/Object;Z)Ljava/lang/Object; @ 159 c2
Event: 3.525 Thread 0x00000178d54351a0 DEOPT PACKING pc=0x00000178e1c40874 sp=0x0000004e39cfb0f0
Event: 3.525 Thread 0x00000178d54351a0 DEOPT UNPACKING pc=0x00000178e16aa1a3 sp=0x0000004e39cfb070 mode 2
Event: 3.525 Thread 0x00000178d54351a0 Uncommon trap: trap_request=0xffffffde fr.pc=0x00000178e1e0a62c relative=0x000000000000022c
Event: 3.525 Thread 0x00000178d54351a0 Uncommon trap: reason=class_check action=maybe_recompile pc=0x00000178e1e0a62c method=org.jetbrains.kotlin.load.java.lazy.descriptors.ClassDeclaredMemberIndex$methodFilter$1.invoke(Ljava/lang/Object;)Ljava/lang/Object; @ 2 c2
Event: 3.525 Thread 0x00000178d54351a0 DEOPT PACKING pc=0x00000178e1e0a62c sp=0x0000004e39cfb740
Event: 3.525 Thread 0x00000178d54351a0 DEOPT UNPACKING pc=0x00000178e16aa1a3 sp=0x0000004e39cfb6c8 mode 2
Event: 3.525 Thread 0x00000178d54351a0 Uncommon trap: trap_request=0xffffffde fr.pc=0x00000178e1c40874 relative=0x0000000000000ed4
Event: 3.525 Thread 0x00000178d54351a0 Uncommon trap: reason=class_check action=maybe_recompile pc=0x00000178e1c40874 method=java.util.concurrent.ConcurrentHashMap.putVal(Ljava/lang/Object;Ljava/lang/Object;Z)Ljava/lang/Object; @ 159 c2
Event: 3.525 Thread 0x00000178d54351a0 DEOPT PACKING pc=0x00000178e1c40874 sp=0x0000004e39cfb0f0
Event: 3.525 Thread 0x00000178d54351a0 DEOPT UNPACKING pc=0x00000178e16aa1a3 sp=0x0000004e39cfb070 mode 2
Event: 3.529 Thread 0x00000178d54351a0 Uncommon trap: trap_request=0xffffffde fr.pc=0x00000178e1c40874 relative=0x0000000000000ed4
Event: 3.529 Thread 0x00000178d54351a0 Uncommon trap: reason=class_check action=maybe_recompile pc=0x00000178e1c40874 method=java.util.concurrent.ConcurrentHashMap.putVal(Ljava/lang/Object;Ljava/lang/Object;Z)Ljava/lang/Object; @ 159 c2
Event: 3.529 Thread 0x00000178d54351a0 DEOPT PACKING pc=0x00000178e1c40874 sp=0x0000004e39cfb210
Event: 3.529 Thread 0x00000178d54351a0 DEOPT UNPACKING pc=0x00000178e16aa1a3 sp=0x0000004e39cfb190 mode 2
Event: 3.529 Thread 0x00000178d54351a0 Uncommon trap: trap_request=0xffffffde fr.pc=0x00000178e1c40874 relative=0x0000000000000ed4
Event: 3.529 Thread 0x00000178d54351a0 Uncommon trap: reason=class_check action=maybe_recompile pc=0x00000178e1c40874 method=java.util.concurrent.ConcurrentHashMap.putVal(Ljava/lang/Object;Ljava/lang/Object;Z)Ljava/lang/Object; @ 159 c2
Event: 3.529 Thread 0x00000178d54351a0 DEOPT PACKING pc=0x00000178e1c40874 sp=0x0000004e39cfb210
Event: 3.529 Thread 0x00000178d54351a0 DEOPT UNPACKING pc=0x00000178e16aa1a3 sp=0x0000004e39cfb190 mode 2

Classes unloaded (0 events):
No events

Classes redefined (0 events):
No events

Internal exceptions (20 events):
Event: 1.681 Thread 0x00000178d54351a0 Exception <a 'java/lang/NoSuchMethodError'{0x0000000086114350}: 'java.lang.Object java.lang.invoke.DirectMethodHandle$Holder.newInvokeSpecial(java.lang.Object, java.lang.Object, int)'> (0x0000000086114350) 
thrown [s\src\hotspot\share\interpreter\linkResolver.cpp, line 771]
Event: 1.709 Thread 0x00000178d54351a0 Exception <a 'java/lang/NoSuchMethodError'{0x00000000860b01e0}: 'java.lang.Object java.lang.invoke.DirectMethodHandle$Holder.newInvokeSpecial(java.lang.Object, java.lang.Object, java.lang.Object, int)'> (0x00000000860b01e0) 
thrown [s\src\hotspot\share\interpreter\linkResolver.cpp, line 771]
Event: 1.709 Thread 0x00000178d54351a0 Exception <a 'java/lang/NoSuchMethodError'{0x00000000860b4868}: 'java.lang.Object java.lang.invoke.DirectMethodHandle$Holder.invokeSpecial(java.lang.Object, java.lang.Object, java.lang.Object, java.lang.Object, int)'> (0x00000000860b4868) 
thrown [s\src\hotspot\share\interpreter\linkResolver.cpp, line 771]
Event: 1.709 Thread 0x00000178d54351a0 Exception <a 'java/lang/NoSuchMethodError'{0x00000000860b86d8}: 'java.lang.Object java.lang.invoke.Invokers$Holder.linkToTargetMethod(java.lang.Object, java.lang.Object, int, java.lang.Object)'> (0x00000000860b86d8) 
thrown [s\src\hotspot\share\interpreter\linkResolver.cpp, line 771]
Event: 2.225 Thread 0x00000178d54351a0 Exception <a 'java/lang/NoSuchMethodError'{0x0000000089382288}: 'java.lang.Object java.lang.invoke.DirectMethodHandle$Holder.newInvokeSpecial(java.lang.Object, int, java.lang.Object)'> (0x0000000089382288) 
thrown [s\src\hotspot\share\interpreter\linkResolver.cpp, line 771]
Event: 2.225 Thread 0x00000178d54351a0 Exception <a 'java/lang/NoSuchMethodError'{0x00000000893885c0}: 'int java.lang.invoke.DirectMethodHandle$Holder.invokeInterface(java.lang.Object, java.lang.Object)'> (0x00000000893885c0) 
thrown [s\src\hotspot\share\interpreter\linkResolver.cpp, line 771]
Event: 2.243 Thread 0x00000178d54351a0 Exception <a 'java/lang/NoSuchMethodError'{0x000000008922de00}: 'java.lang.Object java.lang.invoke.DirectMethodHandle$Holder.newInvokeSpecial(java.lang.Object, java.lang.Object, java.lang.Object, java.lang.Object, java.lang.Object, java.lang.Object, java.lang.Object, java.lang.Object)'> (0x000000008922de00) 
thrown [s\src\hotspot\share\interpreter\linkResolver.cpp, line 771]
Event: 2.244 Thread 0x00000178d54351a0 Exception <a 'java/lang/NoSuchMethodError'{0x0000000089233418}: 'java.lang.Object java.lang.invoke.DirectMethodHandle$Holder.invokeSpecial(java.lang.Object, java.lang.Object, java.lang.Object, java.lang.Object, java.lang.Object, java.lang.Object, java.lang.Object, java.lang.Object, java.lang.Object)'> (0x0000000089233418) 
thrown [s\src\hotspot\share\interpreter\linkResolver.cpp, line 771]
Event: 2.244 Thread 0x00000178d54351a0 Exception <a 'java/lang/NoSuchMethodError'{0x0000000089238348}: 'java.lang.Object java.lang.invoke.Invokers$Holder.linkToTargetMethod(java.lang.Object, java.lang.Object, java.lang.Object, java.lang.Object, java.lang.Object, java.lang.Object, java.lang.Object, java.lang.Object)'> (0x0000000089238348) 
thrown [s\src\hotspot\share\interpreter\linkResolver.cpp, line 771]
Event: 2.265 Thread 0x00000178d54351a0 Exception <a 'java/lang/NoSuchMethodError'{0x00000000892b9c38}: 'java.lang.Object java.lang.invoke.DirectMethodHandle$Holder.newInvokeSpecial(java.lang.Object, java.lang.Object, java.lang.Object, java.lang.Object, java.lang.Object, java.lang.Object)'> (0x00000000892b9c38) 
thrown [s\src\hotspot\share\interpreter\linkResolver.cpp, line 771]
Event: 2.455 Thread 0x00000178d54351a0 Exception <a 'java/lang/NoSuchMethodError'{0x00000000888f72a0}: 'java.lang.Object java.lang.invoke.DirectMethodHandle$Holder.invokeStaticInit(java.lang.Object, java.lang.Object, java.lang.Object)'> (0x00000000888f72a0) 
thrown [s\src\hotspot\share\interpreter\linkResolver.cpp, line 771]
Event: 2.796 Thread 0x00000178d54351a0 Implicit null exception at 0x00000178e1c3e00e to 0x00000178e1c3e264
Event: 2.796 Thread 0x00000178d54351a0 Implicit null exception at 0x00000178e1c54a0f to 0x00000178e1c54a85
Event: 3.226 Thread 0x00000178d54351a0 Implicit null exception at 0x00000178e1c09217 to 0x00000178e1c0974b
Event: 3.268 Thread 0x00000178d54351a0 Implicit null exception at 0x00000178e1d15a4c to 0x00000178e1d15b28
Event: 3.351 Thread 0x00000178d54351a0 Exception <a 'java/lang/NoSuchMethodError'{0x000000008916c720}: 'java.lang.Object java.lang.invoke.DirectMethodHandle$Holder.invokeStatic(java.lang.Object, int, java.lang.Object)'> (0x000000008916c720) 
thrown [s\src\hotspot\share\interpreter\linkResolver.cpp, line 771]
Event: 3.570 Thread 0x00000178d54351a0 Exception <a 'java/lang/NoSuchMethodError'{0x00000000885c6a90}: 'java.lang.Object java.lang.invoke.DirectMethodHandle$Holder.invokeStatic(java.lang.Object, java.lang.Object, java.lang.Object, java.lang.Object, int)'> (0x00000000885c6a90) 
thrown [s\src\hotspot\share\interpreter\linkResolver.cpp, line 771]
Event: 3.571 Thread 0x00000178d54351a0 Exception <a 'java/lang/NoSuchMethodError'{0x00000000885d0778}: 'java.lang.Object java.lang.invoke.DirectMethodHandle$Holder.newInvokeSpecial(java.lang.Object, java.lang.Object, java.lang.Object, java.lang.Object, int)'> (0x00000000885d0778) 
thrown [s\src\hotspot\share\interpreter\linkResolver.cpp, line 771]
Event: 3.571 Thread 0x00000178d54351a0 Exception <a 'java/lang/NoSuchMethodError'{0x00000000885d8848}: 'java.lang.Object java.lang.invoke.Invokers$Holder.linkToTargetMethod(java.lang.Object, java.lang.Object, java.lang.Object, int, java.lang.Object)'> (0x00000000885d8848) 
thrown [s\src\hotspot\share\interpreter\linkResolver.cpp, line 771]
Event: 3.598 Thread 0x00000178d54351a0 Exception <a 'java/lang/NoSuchMethodError'{0x000000008837df18}: 'void java.lang.invoke.DirectMethodHandle$Holder.invokeInterface(java.lang.Object, java.lang.Object)'> (0x000000008837df18) 
thrown [s\src\hotspot\share\interpreter\linkResolver.cpp, line 771]

VM Operations (20 events):
Event: 3.480 Executing VM operation: HandshakeAllThreads done
Event: 3.503 Executing VM operation: ICBufferFull
Event: 3.503 Executing VM operation: ICBufferFull done
Event: 3.525 Executing VM operation: HandshakeAllThreads
Event: 3.525 Executing VM operation: HandshakeAllThreads done
Event: 3.551 Executing VM operation: HandshakeAllThreads
Event: 3.551 Executing VM operation: HandshakeAllThreads done
Event: 3.565 Executing VM operation: HandshakeAllThreads
Event: 3.565 Executing VM operation: HandshakeAllThreads done
Event: 3.567 Executing VM operation: HandshakeAllThreads
Event: 3.567 Executing VM operation: HandshakeAllThreads done
Event: 3.587 Executing VM operation: HandshakeAllThreads
Event: 3.587 Executing VM operation: HandshakeAllThreads done
Event: 3.588 Executing VM operation: HandshakeAllThreads
Event: 3.588 Executing VM operation: HandshakeAllThreads done
Event: 3.596 Executing VM operation: HandshakeAllThreads
Event: 3.596 Executing VM operation: HandshakeAllThreads done
Event: 3.611 Executing VM operation: HandshakeAllThreads
Event: 3.611 Executing VM operation: HandshakeAllThreads done
Event: 3.615 Executing VM operation: CollectForMetadataAllocation

Events (20 events):
Event: 3.600 loading class java/util/stream/Node$OfPrimitive
Event: 3.600 loading class java/util/stream/Node$OfPrimitive done
Event: 3.600 loading class java/util/stream/Node$OfInt done
Event: 3.600 loading class java/util/stream/Nodes$EmptyNode$OfInt done
Event: 3.600 loading class java/util/stream/Nodes$EmptyNode$OfLong
Event: 3.600 loading class java/util/stream/Node$OfLong
Event: 3.600 loading class java/util/stream/Node$OfLong done
Event: 3.600 loading class java/util/stream/Nodes$EmptyNode$OfLong done
Event: 3.600 loading class java/util/stream/Nodes$EmptyNode$OfDouble
Event: 3.600 loading class java/util/stream/Node$OfDouble
Event: 3.600 loading class java/util/stream/Node$OfDouble done
Event: 3.601 loading class java/util/stream/Nodes$EmptyNode$OfDouble done
Event: 3.601 loading class java/util/stream/Nodes$SpinedNodeBuilder
Event: 3.601 loading class java/util/stream/Node$Builder
Event: 3.601 loading class java/util/stream/Node$Builder done
Event: 3.601 loading class java/util/stream/SpinedBuffer
Event: 3.601 loading class java/util/stream/AbstractSpinedBuffer
Event: 3.601 loading class java/util/stream/AbstractSpinedBuffer done
Event: 3.601 loading class java/util/stream/SpinedBuffer done
Event: 3.601 loading class java/util/stream/Nodes$SpinedNodeBuilder done


Dynamic libraries:
0x00007ff6c2320000 - 0x00007ff6c232a000 	C:\Program Files\Android\Android Studio\jbr\bin\java.exe
0x00007ffc5c930000 - 0x00007ffc5cb28000 	C:\Windows\SYSTEM32\ntdll.dll
0x00007ffc5c7a0000 - 0x00007ffc5c85d000 	C:\Windows\System32\KERNEL32.DLL
0x00007ffc5a680000 - 0x00007ffc5a952000 	C:\Windows\System32\KERNELBASE.dll
0x00007ffc5a040000 - 0x00007ffc5a140000 	C:\Windows\System32\ucrtbase.dll
0x00007ffc4ea90000 - 0x00007ffc4eaa7000 	C:\Program Files\Android\Android Studio\jbr\bin\jli.dll
0x00007ffc2b200000 - 0x00007ffc2b21b000 	C:\Program Files\Android\Android Studio\jbr\bin\VCRUNTIME140.dll
0x00007ffc5afd0000 - 0x00007ffc5b16d000 	C:\Windows\System32\USER32.dll
0x00007ffc5a960000 - 0x00007ffc5a982000 	C:\Windows\System32\win32u.dll
0x00007ffc5c6c0000 - 0x00007ffc5c6eb000 	C:\Windows\System32\GDI32.dll
0x00007ffc42990000 - 0x00007ffc42c2a000 	C:\Windows\WinSxS\amd64_microsoft.windows.common-controls_6595b64144ccf1df_6.0.19041.1110_none_60b5254171f9507e\COMCTL32.dll
0x00007ffc5a140000 - 0x00007ffc5a24f000 	C:\Windows\System32\gdi32full.dll
0x00007ffc5b1a0000 - 0x00007ffc5b23e000 	C:\Windows\System32\msvcrt.dll
0x00007ffc5a250000 - 0x00007ffc5a2ed000 	C:\Windows\System32\msvcp_win.dll
0x00007ffc5b170000 - 0x00007ffc5b1a0000 	C:\Windows\System32\IMM32.DLL
0x00007ffc38f80000 - 0x00007ffc38f8c000 	C:\Program Files\Android\Android Studio\jbr\bin\vcruntime140_1.dll
0x00007ffc07400000 - 0x00007ffc0748d000 	C:\Program Files\Android\Android Studio\jbr\bin\msvcp140.dll
0x00007ffc08b20000 - 0x00007ffc097a3000 	C:\Program Files\Android\Android Studio\jbr\bin\server\jvm.dll
0x00007ffc5c560000 - 0x00007ffc5c60e000 	C:\Windows\System32\ADVAPI32.dll
0x00007ffc5c610000 - 0x00007ffc5c6ac000 	C:\Windows\System32\sechost.dll
0x00007ffc5acf0000 - 0x00007ffc5ae15000 	C:\Windows\System32\RPCRT4.dll
0x00007ffc4be80000 - 0x00007ffc4bea7000 	C:\Windows\SYSTEM32\WINMM.dll
0x00007ffc59620000 - 0x00007ffc5966b000 	C:\Windows\SYSTEM32\POWRPROF.dll
0x00007ffc55980000 - 0x00007ffc55989000 	C:\Windows\SYSTEM32\WSOCK32.dll
0x00007ffc4e3a0000 - 0x00007ffc4e3aa000 	C:\Windows\SYSTEM32\VERSION.dll
0x00007ffc5bf50000 - 0x00007ffc5bfbb000 	C:\Windows\System32\WS2_32.dll
0x00007ffc59480000 - 0x00007ffc59492000 	C:\Windows\SYSTEM32\UMPDC.dll
0x00007ffc58890000 - 0x00007ffc588a2000 	C:\Windows\SYSTEM32\kernel.appcore.dll
0x00007ffc55960000 - 0x00007ffc5596a000 	C:\Program Files\Android\Android Studio\jbr\bin\jimage.dll
0x00007ffc585b0000 - 0x00007ffc58794000 	C:\Windows\SYSTEM32\DBGHELP.DLL
0x00007ffc47c20000 - 0x00007ffc47c4c000 	C:\Windows\SYSTEM32\dbgcore.DLL
0x00007ffc5a580000 - 0x00007ffc5a602000 	C:\Windows\System32\bcryptPrimitives.dll
0x00007ffc549d0000 - 0x00007ffc549f5000 	C:\Program Files\Android\Android Studio\jbr\bin\java.dll
0x00007ffc55940000 - 0x00007ffc55958000 	C:\Program Files\Android\Android Studio\jbr\bin\zip.dll
0x00007ffc5b630000 - 0x00007ffc5bd73000 	C:\Windows\System32\SHELL32.dll
0x00007ffc57d40000 - 0x00007ffc584d1000 	C:\Windows\SYSTEM32\windows.storage.dll
0x00007ffc5a990000 - 0x00007ffc5ace4000 	C:\Windows\System32\combase.dll
0x00007ffc59aa0000 - 0x00007ffc59ad0000 	C:\Windows\SYSTEM32\Wldp.dll
0x00007ffc5c6f0000 - 0x00007ffc5c79d000 	C:\Windows\System32\SHCORE.dll
0x00007ffc5b5d0000 - 0x00007ffc5b625000 	C:\Windows\System32\shlwapi.dll
0x00007ffc59f80000 - 0x00007ffc59f9f000 	C:\Windows\SYSTEM32\profapi.dll
0x00007ffc53a80000 - 0x00007ffc53a99000 	C:\Program Files\Android\Android Studio\jbr\bin\net.dll
0x00007ffc55440000 - 0x00007ffc5554d000 	C:\Windows\SYSTEM32\WINHTTP.dll
0x00007ffc59800000 - 0x00007ffc5986a000 	C:\Windows\system32\mswsock.dll
0x00007ffc53a00000 - 0x00007ffc53a16000 	C:\Program Files\Android\Android Studio\jbr\bin\nio.dll
0x00007ffc53c40000 - 0x00007ffc53c50000 	C:\Program Files\Android\Android Studio\jbr\bin\verify.dll

dbghelp: loaded successfully - version: 4.0.5 - missing functions: none
symbol engine: initialized successfully - sym options: 0x614 - pdb path: .;C:\Program Files\Android\Android Studio\jbr\bin;C:\Windows\SYSTEM32;C:\Windows\WinSxS\amd64_microsoft.windows.common-controls_6595b64144ccf1df_6.0.19041.1110_none_60b5254171f9507e;C:\Program Files\Android\Android Studio\jbr\bin\server

VM Arguments:
java_command: org.jetbrains.kotlin.cli.jvm.K2JVMCompiler @D:\AdroidProjects\WeatherTestApp\app\build\20240927_466046614235289213.compiler.options
java_class_path (initial): C:\Users\user\.gradle\caches\modules-2\files-2.1\org.jetbrains.kotlin\kotlin-compiler-embeddable\1.9.0\2c8c3a7402becca891f12739b3e9fd2dc2adbd7a\kotlin-compiler-embeddable-1.9.0.jar;C:\Users\user\.gradle\caches\modules-2\files-2.1\org.jetbrains.kotlin\kotlin-stdlib\1.9.0\8ee15ef0c67dc83d874f412d84378d7f0eb50b63\kotlin-stdlib-1.9.0.jar;C:\Users\user\.gradle\caches\modules-2\files-2.1\org.jetbrains.kotlin\kotlin-script-runtime\1.9.0\4b3102cbbb7e1b58d9d1adf89563f00069ffa7d1\kotlin-script-runtime-1.9.0.jar;C:\Users\user\.gradle\caches\modules-2\files-2.1\org.jetbrains.kotlin\kotlin-reflect\1.6.10\1cbe9c92c12a94eea200d23c2bbaedaf3daf5132\kotlin-reflect-1.6.10.jar;C:\Users\user\.gradle\caches\modules-2\files-2.1\org.jetbrains.kotlin\kotlin-daemon-embeddable\1.9.0\186543f5e28cf8d9a0290fecc2cf34301c40a65c\kotlin-daemon-embeddable-1.9.0.jar;C:\Users\user\.gradle\caches\modules-2\files-2.1\org.jetbrains.intellij.deps\trove4j\1.0.20200330\3afb14d5f9ceb459d724e907a21145e8ff394f02\trove4j-1.0.20200330.jar;C:\Users\user\.gradle\caches\modules-2\files-2.1\org.jetbrains.kotlin\kotlin-stdlib-common\1.9.0\cd65c21cfd1eec4d44ef09f9f52b6d9f8a720636\kotlin-stdlib-common-1.9.0.jar;C:\Users\user\.gradle\caches\modules-2\files-2.1\org.jetbrains\annotations\13.0\919f0dfe192fb4e063e7dacadee7f8bb9a2672a9\annotations-13.0.jar
Launcher Type: SUN_STANDARD

[Global flags]
     intx CICompilerCount                          = 4                                         {product} {ergonomic}
     uint ConcGCThreads                            = 2                                         {product} {ergonomic}
     uint G1ConcRefinementThreads                  = 8                                         {product} {ergonomic}
   size_t G1HeapRegionSize                         = 1048576                                   {product} {ergonomic}
    uintx GCDrainStackTargetSize                   = 64                                        {product} {ergonomic}
   size_t InitialHeapSize                          = 130023424                                 {product} {ergonomic}
   size_t MarkStackSize                            = 4194304                                   {product} {ergonomic}
   size_t MaxHeapSize                              = 2080374784                                {product} {ergonomic}
   size_t MaxNewSize                               = 1247805440                                {product} {ergonomic}
   size_t MinHeapDeltaBytes                        = 1048576                                   {product} {ergonomic}
   size_t MinHeapSize                              = 8388608                                   {product} {ergonomic}
    uintx NonNMethodCodeHeapSize                   = 5839372                                {pd product} {ergonomic}
    uintx NonProfiledCodeHeapSize                  = 122909434                              {pd product} {ergonomic}
    uintx ProfiledCodeHeapSize                     = 122909434                              {pd product} {ergonomic}
    uintx ReservedCodeCacheSize                    = 251658240                              {pd product} {ergonomic}
     bool SegmentedCodeCache                       = true                                      {product} {ergonomic}
   size_t SoftMaxHeapSize                          = 2080374784                             {manageable} {ergonomic}
     bool UseCompressedClassPointers               = true                           {product lp64_product} {ergonomic}
     bool UseCompressedOops                        = true                           {product lp64_product} {ergonomic}
     bool UseG1GC                                  = true                                      {product} {ergonomic}
     bool UseLargePagesIndividualAllocation        = false                                  {pd product} {ergonomic}

Logging:
Log output configuration:
 #0: stdout all=warning uptime,level,tags
 #1: stderr all=off uptime,level,tags

Environment Variables:
PATH=C:\Windows\system32;C:\Windows;C:\Windows\System32\Wbem;C:\Windows\System32\WindowsPowerShell\v1.0\;C:\Windows\System32\OpenSSH\;C:\Program Files (x86)\NVIDIA Corporation\PhysX\Common;C:\Program Files\NVIDIA Corporation\NVIDIA NvDLISR;C:\Program Files\dotnet\;C:\Program Files\Common Files\Autodesk Shared\;C:\Users\user\AppData\Local\Microsoft\WindowsApps;
USERNAME=user
OS=Windows_NT
PROCESSOR_IDENTIFIER=Intel64 Family 6 Model 140 Stepping 1, GenuineIntel
TMP=C:\Users\user\AppData\Local\Temp
TEMP=C:\Users\user\AppData\Local\Temp



Periodic native trim disabled

JNI global refs:
JNI global refs: 11, weak refs: 0

JNI global refs memory usage: 843, weak refs: 841

Process memory usage:
Resident Set Size: 276492K (3% of 8123000K total physical memory with 738428K free physical memory)

OOME stack traces (most recent first):
Classloader memory used:
Loader jdk.internal.loader.ClassLoaders$AppClassLoader                                 : 6211K
Loader bootstrap                                                                       : 1325K
Loader jdk.internal.reflect.DelegatingClassLoader                                      : 11638B


---------------  S Y S T E M  ---------------

OS:
 Windows 10 , 64 bit Build 19041 (10.0.19041.1889)
OS uptime: 0 days 2:07 hours

CPU: total 8 (initial active 8) (4 cores per cpu, 2 threads per core) family 6 model 140 stepping 1 microcode 0x86, cx8, cmov, fxsr, ht, mmx, 3dnowpref, sse, sse2, sse3, ssse3, sse4.1, sse4.2, popcnt, lzcnt, tsc, tscinvbit, avx, avx2, aes, erms, clmul, bmi1, bmi2, adx, avx512f, avx512dq, avx512cd, avx512bw, avx512vl, sha, fma, vzeroupper, avx512_vpopcntdq, avx512_vpclmulqdq, avx512_vaes, avx512_vnni, clflush, clflushopt, clwb, avx512_vbmi2, avx512_vbmi
Processor Information for all 8 processors :
  Max Mhz: 2419, Current Mhz: 2419, Mhz Limit: 2419

Memory: 4k page, system-wide physical 7932M (721M free)
TotalPageFile size 13347M (AvailPageFile size 5M)
current process WorkingSet (physical memory assigned to process): 270M, peak: 270M
current process commit charge ("private bytes"): 344M, peak: 346M

vm_info: OpenJDK 64-Bit Server VM (17.0.11+0--11852314) for windows-amd64 JRE (17.0.11+0--11852314), built on May 16 2024 21:29:20 by "androidbuild" with MS VC++ 16.10 / 16.11 (VS2019)

END.
